2020-04-11 00:00:12.573  INFO 31864 --- [http-nio-8002-exec-6] cn.wzhihao.myspace.log.ControllerLog     : 执行方法：Result cn.wzhihao.myspace.controller.UserController.getUserInfo(String),
Email: 1103705469@qq.com,
URL: /api/user/1103705469@qq.com,
RequestMethod: GET,
Args:[1103705469@qq.com],
ReturnValue: Result(code=0, msg=成功返回, data=User(id=c5edea3e-65cd-4481-8de8-df6ec167e6a2, nickname=h大大, password=, email=1103705469@qq.com, sex=1, role=0, activeState=1, verifyCode=969390, activeCode=B9EFFDB67BDD3E01135CFCC17D87AECE, expTime=1586346730282, createTime=1585310476960, updateTime=1586531048497)),
Time: 227ms,

2020-04-11 00:01:25.768  INFO 31864 --- [http-nio-8002-exec-9] cn.wzhihao.myspace.log.ControllerLog     : 执行方法：Result cn.wzhihao.myspace.controller.UserController.getUserInfo(String),
Email: 1103705469@qq.com,
URL: /api/user/1103705469@qq.com,
RequestMethod: GET,
Args:[1103705469@qq.com],
ReturnValue: Result(code=0, msg=成功返回, data=User(id=c5edea3e-65cd-4481-8de8-df6ec167e6a2, nickname=h大大, password=, email=1103705469@qq.com, sex=1, role=0, activeState=1, verifyCode=969390, activeCode=B9EFFDB67BDD3E01135CFCC17D87AECE, expTime=1586346730282, createTime=1585310476960, updateTime=1586531048497)),
Time: 213ms,

2020-04-11 00:02:18.901  INFO 31864 --- [http-nio-8002-exec-5] cn.wzhihao.myspace.log.ControllerLog     : 执行方法：Result cn.wzhihao.myspace.controller.UserController.getUserInfo(String),
Email: 1103705469@qq.com,
URL: /api/user/1103705469@qq.com,
RequestMethod: GET,
Args:[1103705469@qq.com],
ReturnValue: Result(code=0, msg=成功返回, data=User(id=c5edea3e-65cd-4481-8de8-df6ec167e6a2, nickname=h大大, password=, email=1103705469@qq.com, sex=1, role=0, activeState=1, verifyCode=969390, activeCode=B9EFFDB67BDD3E01135CFCC17D87AECE, expTime=1586346730282, createTime=1585310476960, updateTime=1586531048497)),
Time: 212ms,

2020-04-11 00:02:25.840  INFO 31864 --- [http-nio-8002-exec-1] cn.wzhihao.myspace.log.ControllerLog     : 执行方法：Result cn.wzhihao.myspace.controller.UserController.updateUserInfo(String,String),
Email: 1103705469@qq.com,
URL: /api/user/1103705469@qq.com,
RequestMethod: PUT,
Args:[1103705469@qq.com, hh大大],
ReturnValue: Result(code=0, msg=更新个人信息成功, data=User(id=c5edea3e-65cd-4481-8de8-df6ec167e6a2, nickname=hh大大, password=, email=1103705469@qq.com, sex=1, role=0, activeState=1, verifyCode=969390, activeCode=B9EFFDB67BDD3E01135CFCC17D87AECE, expTime=1586346730282, createTime=1585310476960, updateTime=1586531048497)),
Time: 322ms,

2020-04-11 00:03:09.753  INFO 31864 --- [http-nio-8002-exec-2] cn.wzhihao.myspace.log.ControllerLog     : 执行方法：Result cn.wzhihao.myspace.controller.UserController.getUserInfo(String),
Email: 1103705469@qq.com,
URL: /api/user/1103705469@qq.com,
RequestMethod: GET,
Args:[1103705469@qq.com],
ReturnValue: Result(code=0, msg=成功返回, data=User(id=c5edea3e-65cd-4481-8de8-df6ec167e6a2, nickname=hh大大, password=, email=1103705469@qq.com, sex=1, role=0, activeState=1, verifyCode=969390, activeCode=B9EFFDB67BDD3E01135CFCC17D87AECE, expTime=1586346730282, createTime=1585310476960, updateTime=1586531048497)),
Time: 212ms,

2020-04-11 00:03:36.384  INFO 31864 --- [http-nio-8002-exec-10] cn.wzhihao.myspace.log.ControllerLog     : 执行方法：Result cn.wzhihao.myspace.controller.UserController.getUserInfo(String),
Email: 1103705469@qq.com,
URL: /api/user/1103705469@qq.com,
RequestMethod: GET,
Args:[1103705469@qq.com],
ReturnValue: Result(code=0, msg=成功返回, data=User(id=c5edea3e-65cd-4481-8de8-df6ec167e6a2, nickname=hh大大, password=, email=1103705469@qq.com, sex=1, role=0, activeState=1, verifyCode=969390, activeCode=B9EFFDB67BDD3E01135CFCC17D87AECE, expTime=1586346730282, createTime=1585310476960, updateTime=1586531048497)),
Time: 211ms,

2020-04-11 00:03:40.563  INFO 31864 --- [http-nio-8002-exec-3] cn.wzhihao.myspace.log.ControllerLog     : 执行方法：Result cn.wzhihao.myspace.controller.UserController.getUserInfo(String),
Email: 1103705469@qq.com,
URL: /api/user/1103705469@qq.com,
RequestMethod: GET,
Args:[1103705469@qq.com],
ReturnValue: Result(code=0, msg=成功返回, data=User(id=c5edea3e-65cd-4481-8de8-df6ec167e6a2, nickname=hh大大, password=, email=1103705469@qq.com, sex=1, role=0, activeState=1, verifyCode=969390, activeCode=B9EFFDB67BDD3E01135CFCC17D87AECE, expTime=1586346730282, createTime=1585310476960, updateTime=1586531048497)),
Time: 211ms,

2020-04-11 00:03:44.841  INFO 31864 --- [http-nio-8002-exec-7] cn.wzhihao.myspace.log.ControllerLog     : 执行方法：Result cn.wzhihao.myspace.controller.UserController.updateUserInfo(String,String),
Email: 1103705469@qq.com,
URL: /api/user/1103705469@qq.com,
RequestMethod: PUT,
Args:[1103705469@qq.com, hh大大大],
ReturnValue: Result(code=0, msg=更新个人信息成功, data=User(id=c5edea3e-65cd-4481-8de8-df6ec167e6a2, nickname=hh大大大, password=, email=1103705469@qq.com, sex=1, role=0, activeState=1, verifyCode=969390, activeCode=B9EFFDB67BDD3E01135CFCC17D87AECE, expTime=1586346730282, createTime=1585310476960, updateTime=1586531048497)),
Time: 329ms,

2020-04-11 00:03:48.044  INFO 31864 --- [http-nio-8002-exec-4] cn.wzhihao.myspace.log.ControllerLog     : 执行方法：Result cn.wzhihao.myspace.controller.UserController.getUserInfo(String),
Email: 1103705469@qq.com,
URL: /api/user/1103705469@qq.com,
RequestMethod: GET,
Args:[1103705469@qq.com],
ReturnValue: Result(code=0, msg=成功返回, data=User(id=c5edea3e-65cd-4481-8de8-df6ec167e6a2, nickname=hh大大大, password=, email=1103705469@qq.com, sex=1, role=0, activeState=1, verifyCode=969390, activeCode=B9EFFDB67BDD3E01135CFCC17D87AECE, expTime=1586346730282, createTime=1585310476960, updateTime=1586531048497)),
Time: 211ms,

2020-04-11 00:03:51.201  INFO 31864 --- [http-nio-8002-exec-8] cn.wzhihao.myspace.log.ControllerLog     : 执行方法：Result cn.wzhihao.myspace.controller.UserController.getUserInfo(String),
Email: 1103705469@qq.com,
URL: /api/user/1103705469@qq.com,
RequestMethod: GET,
Args:[1103705469@qq.com],
ReturnValue: Result(code=0, msg=成功返回, data=User(id=c5edea3e-65cd-4481-8de8-df6ec167e6a2, nickname=hh大大大, password=, email=1103705469@qq.com, sex=1, role=0, activeState=1, verifyCode=969390, activeCode=B9EFFDB67BDD3E01135CFCC17D87AECE, expTime=1586346730282, createTime=1585310476960, updateTime=1586531048497)),
Time: 212ms,

2020-04-11 00:03:55.592  INFO 31864 --- [http-nio-8002-exec-6] cn.wzhihao.myspace.log.ControllerLog     : 执行方法：Result cn.wzhihao.myspace.controller.ProjectController.getDetail(int),
Email: 1103705469@qq.com,
URL: /api/project/74,
RequestMethod: GET,
Args:[74],
ReturnValue: Result(code=0, msg=获取项目详情成功, data=null),
Time: 52ms,

2020-04-11 00:07:19.350  INFO 31864 --- [http-nio-8002-exec-9] cn.wzhihao.myspace.log.ControllerLog     : 执行方法：Result cn.wzhihao.myspace.controller.ProjectController.getDetail(int),
Email: 1103705469@qq.com,
URL: /api/project/74,
RequestMethod: GET,
Args:[74],
ReturnValue: Result(code=0, msg=获取项目详情成功, data=null),
Time: 55ms,

2020-04-11 00:09:27.898  INFO 31864 --- [http-nio-8002-exec-5] cn.wzhihao.myspace.log.ControllerLog     : 执行方法：Result cn.wzhihao.myspace.controller.ProjectController.getDetail(int),
Email: 1103705469@qq.com,
URL: /api/project/74,
RequestMethod: GET,
Args:[74],
ReturnValue: Result(code=0, msg=获取项目详情成功, data=null),
Time: 53ms,

2020-04-11 00:10:43.826  INFO 31864 --- [http-nio-8002-exec-1] cn.wzhihao.myspace.log.ControllerLog     : 执行方法：Result cn.wzhihao.myspace.controller.ProjectController.getDetail(int),
Email: 1103705469@qq.com,
URL: /api/project/74,
RequestMethod: GET,
Args:[74],
ReturnValue: Result(code=0, msg=获取项目详情成功, data=null),
Time: 54ms,

2020-04-11 00:15:30.323  INFO 31864 --- [http-nio-8002-exec-2] cn.wzhihao.myspace.log.ControllerLog     : 执行方法：Result cn.wzhihao.myspace.controller.ProjectController.getDetail(int),
Email: 1103705469@qq.com,
URL: /api/project/74,
RequestMethod: GET,
Args:[74],
ReturnValue: Result(code=0, msg=获取项目详情成功, data=null),
Time: 50ms,

2020-04-11 00:15:37.183  INFO 31864 --- [http-nio-8002-exec-10] cn.wzhihao.myspace.log.ControllerLog     : 执行方法：Result cn.wzhihao.myspace.controller.ProjectController.updateDetail(int,String),
Email: 1103705469@qq.com,
URL: /api/project/detail/74,
RequestMethod: PUT,
Args:[74, [{"body":"引导行","child":[{"cardBody":"你可以自由的拖动此卡片，通过新增行和卡片，来实现你的项目管理"}]},{"body":"方法","child":[]}]],
ReturnValue: Result(code=0, msg=保存成功, data=null),
Time: 261ms,

2020-04-11 00:17:10.547  INFO 31864 --- [http-nio-8002-exec-3] cn.wzhihao.myspace.log.ControllerLog     : 执行方法：Result cn.wzhihao.myspace.controller.ProjectController.getDetail(int),
Email: 1103705469@qq.com,
URL: /api/project/74,
RequestMethod: GET,
Args:[74],
ReturnValue: Result(code=0, msg=获取项目详情成功, data=[{"body":"引导行","child":[{"cardBody":"你可以自由的拖动此卡片，通过新增行和卡片，来实现你的项目管理"}]},{"body":"方法","child":[]}]),
Time: 62ms,

2020-04-11 00:17:41.652  INFO 31864 --- [http-nio-8002-exec-7] cn.wzhihao.myspace.log.ControllerLog     : 执行方法：Result cn.wzhihao.myspace.controller.ProjectController.updateDetail(int,String),
Email: 1103705469@qq.com,
URL: /api/project/detail/74,
RequestMethod: PUT,
Args:[74, [{"body":"哈哈","child":[]}]],
ReturnValue: Result(code=0, msg=保存成功, data=null),
Time: 264ms,

2020-04-11 00:17:42.584  INFO 31864 --- [http-nio-8002-exec-4] cn.wzhihao.myspace.log.ControllerLog     : 执行方法：Result cn.wzhihao.myspace.controller.ProjectController.getProjectList(int,int,int),
Email: 1103705469@qq.com,
URL: /api/project/0/1/4,
RequestMethod: GET,
Args:[0, 1, 4],
ReturnValue: Result(code=0, msg=成功获取项目列表, data=PageInfo{pageNum=1, pageSize=4, size=3, startRow=1, endRow=3, total=3, pages=1, list=Page{count=true, pageNum=1, pageSize=4, startRow=0, endRow=4, total=3, pages=1, reasonable=false, pageSizeZero=false}[Project(id=74, userEmail=1103705469@qq.com, projectBody=测试项目23, projectDesc=, projectState=0, createTime=1586533273382, updateTime=1586535461548), Project(id=70, userEmail=1103705469@qq.com, projectBody=测试项目, projectDesc=功能几乎已全部实现, projectState=0, createTime=1585416047320, updateTime=1586337355146), Project(id=69, userEmail=1103705469@qq.com, projectBody=测试项目, projectDesc=开发测试, projectState=0, createTime=1585415726868, updateTime=1585415962982)], prePage=0, nextPage=0, isFirstPage=true, isLastPage=true, hasPreviousPage=false, hasNextPage=false, navigatePages=8, navigateFirstPage=1, navigateLastPage=1, navigatepageNums=[1]}),
Time: 105ms,

2020-04-11 00:17:42.748  INFO 31864 --- [http-nio-8002-exec-8] cn.wzhihao.myspace.log.ControllerLog     : 执行方法：Result cn.wzhihao.myspace.controller.ProjectController.getProjectList(int,int,int),
Email: 1103705469@qq.com,
URL: /api/project/1/1/4,
RequestMethod: GET,
Args:[1, 1, 4],
ReturnValue: Result(code=0, msg=成功获取项目列表, data=PageInfo{pageNum=1, pageSize=4, size=1, startRow=1, endRow=1, total=1, pages=1, list=Page{count=true, pageNum=1, pageSize=4, startRow=0, endRow=4, total=1, pages=1, reasonable=false, pageSizeZero=false}[Project(id=71, userEmail=1103705469@qq.com, projectBody=结束项目测试, projectDesc=结束项目测试, projectState=1, createTime=1585416063692, updateTime=1585416088799)], prePage=0, nextPage=0, isFirstPage=true, isLastPage=true, hasPreviousPage=false, hasNextPage=false, navigatePages=8, navigateFirstPage=1, navigateLastPage=1, navigatepageNums=[1]}),
Time: 102ms,

2020-04-11 00:17:43.542  INFO 31864 --- [http-nio-8002-exec-6] cn.wzhihao.myspace.log.ControllerLog     : 执行方法：Result cn.wzhihao.myspace.controller.ProjectController.getDetail(int),
Email: 1103705469@qq.com,
URL: /api/project/74,
RequestMethod: GET,
Args:[74],
ReturnValue: Result(code=0, msg=获取项目详情成功, data=[{"body":"哈哈","child":[]}]),
Time: 51ms,

2020-04-11 00:17:45.462  INFO 31864 --- [http-nio-8002-exec-9] cn.wzhihao.myspace.log.ControllerLog     : 执行方法：Result cn.wzhihao.myspace.controller.ProjectController.getProjectList(int,int,int),
Email: 1103705469@qq.com,
URL: /api/project/0/1/4,
RequestMethod: GET,
Args:[0, 1, 4],
ReturnValue: Result(code=0, msg=成功获取项目列表, data=PageInfo{pageNum=1, pageSize=4, size=3, startRow=1, endRow=3, total=3, pages=1, list=Page{count=true, pageNum=1, pageSize=4, startRow=0, endRow=4, total=3, pages=1, reasonable=false, pageSizeZero=false}[Project(id=74, userEmail=1103705469@qq.com, projectBody=测试项目23, projectDesc=, projectState=0, createTime=1586533273382, updateTime=1586535461548), Project(id=70, userEmail=1103705469@qq.com, projectBody=测试项目, projectDesc=功能几乎已全部实现, projectState=0, createTime=1585416047320, updateTime=1586337355146), Project(id=69, userEmail=1103705469@qq.com, projectBody=测试项目, projectDesc=开发测试, projectState=0, createTime=1585415726868, updateTime=1585415962982)], prePage=0, nextPage=0, isFirstPage=true, isLastPage=true, hasPreviousPage=false, hasNextPage=false, navigatePages=8, navigateFirstPage=1, navigateLastPage=1, navigatepageNums=[1]}),
Time: 102ms,

2020-04-11 00:17:45.527  INFO 31864 --- [http-nio-8002-exec-5] cn.wzhihao.myspace.log.ControllerLog     : 执行方法：Result cn.wzhihao.myspace.controller.ProjectController.getProjectList(int,int,int),
Email: 1103705469@qq.com,
URL: /api/project/1/1/4,
RequestMethod: GET,
Args:[1, 1, 4],
ReturnValue: Result(code=0, msg=成功获取项目列表, data=PageInfo{pageNum=1, pageSize=4, size=1, startRow=1, endRow=1, total=1, pages=1, list=Page{count=true, pageNum=1, pageSize=4, startRow=0, endRow=4, total=1, pages=1, reasonable=false, pageSizeZero=false}[Project(id=71, userEmail=1103705469@qq.com, projectBody=结束项目测试, projectDesc=结束项目测试, projectState=1, createTime=1585416063692, updateTime=1585416088799)], prePage=0, nextPage=0, isFirstPage=true, isLastPage=true, hasPreviousPage=false, hasNextPage=false, navigatePages=8, navigateFirstPage=1, navigateLastPage=1, navigatepageNums=[1]}),
Time: 102ms,

2020-04-11 00:17:46.850  INFO 31864 --- [http-nio-8002-exec-1] cn.wzhihao.myspace.log.ControllerLog     : 执行方法：Result cn.wzhihao.myspace.controller.ProjectController.getDetail(int),
Email: 1103705469@qq.com,
URL: /api/project/74,
RequestMethod: GET,
Args:[74],
ReturnValue: Result(code=0, msg=获取项目详情成功, data=[{"body":"哈哈","child":[]}]),
Time: 49ms,

2020-04-11 00:18:55.507  INFO 31864 --- [http-nio-8002-exec-2] cn.wzhihao.myspace.log.ControllerLog     : 执行方法：Result cn.wzhihao.myspace.controller.ProjectController.getDetail(int),
Email: 1103705469@qq.com,
URL: /api/project/74,
RequestMethod: GET,
Args:[74],
ReturnValue: Result(code=0, msg=获取项目详情成功, data=[{"body":"哈哈","child":[]}]),
Time: 51ms,

2020-04-11 00:18:58.129  INFO 31864 --- [http-nio-8002-exec-10] cn.wzhihao.myspace.log.ControllerLog     : 执行方法：Result cn.wzhihao.myspace.controller.ProjectController.getProjectList(int,int,int),
Email: 1103705469@qq.com,
URL: /api/project/0/1/4,
RequestMethod: GET,
Args:[0, 1, 4],
ReturnValue: Result(code=0, msg=成功获取项目列表, data=PageInfo{pageNum=1, pageSize=4, size=3, startRow=1, endRow=3, total=3, pages=1, list=Page{count=true, pageNum=1, pageSize=4, startRow=0, endRow=4, total=3, pages=1, reasonable=false, pageSizeZero=false}[Project(id=74, userEmail=1103705469@qq.com, projectBody=测试项目23, projectDesc=, projectState=0, createTime=1586533273382, updateTime=1586535461548), Project(id=70, userEmail=1103705469@qq.com, projectBody=测试项目, projectDesc=功能几乎已全部实现, projectState=0, createTime=1585416047320, updateTime=1586337355146), Project(id=69, userEmail=1103705469@qq.com, projectBody=测试项目, projectDesc=开发测试, projectState=0, createTime=1585415726868, updateTime=1585415962982)], prePage=0, nextPage=0, isFirstPage=true, isLastPage=true, hasPreviousPage=false, hasNextPage=false, navigatePages=8, navigateFirstPage=1, navigateLastPage=1, navigatepageNums=[1]}),
Time: 102ms,

2020-04-11 00:18:58.203  INFO 31864 --- [http-nio-8002-exec-3] cn.wzhihao.myspace.log.ControllerLog     : 执行方法：Result cn.wzhihao.myspace.controller.ProjectController.getProjectList(int,int,int),
Email: 1103705469@qq.com,
URL: /api/project/1/1/4,
RequestMethod: GET,
Args:[1, 1, 4],
ReturnValue: Result(code=0, msg=成功获取项目列表, data=PageInfo{pageNum=1, pageSize=4, size=1, startRow=1, endRow=1, total=1, pages=1, list=Page{count=true, pageNum=1, pageSize=4, startRow=0, endRow=4, total=1, pages=1, reasonable=false, pageSizeZero=false}[Project(id=71, userEmail=1103705469@qq.com, projectBody=结束项目测试, projectDesc=结束项目测试, projectState=1, createTime=1585416063692, updateTime=1585416088799)], prePage=0, nextPage=0, isFirstPage=true, isLastPage=true, hasPreviousPage=false, hasNextPage=false, navigatePages=8, navigateFirstPage=1, navigateLastPage=1, navigatepageNums=[1]}),
Time: 106ms,

2020-04-11 00:18:59.213  INFO 31864 --- [http-nio-8002-exec-7] cn.wzhihao.myspace.log.ControllerLog     : 执行方法：Result cn.wzhihao.myspace.controller.ProjectController.getDetail(int),
Email: 1103705469@qq.com,
URL: /api/project/74,
RequestMethod: GET,
Args:[74],
ReturnValue: Result(code=0, msg=获取项目详情成功, data=[{"body":"哈哈","child":[]}]),
Time: 50ms,

2020-04-11 00:19:01.737  INFO 31864 --- [http-nio-8002-exec-8] cn.wzhihao.myspace.log.ControllerLog     : 执行方法：Result cn.wzhihao.myspace.controller.ProjectController.getProjectList(int,int,int),
Email: 1103705469@qq.com,
URL: /api/project/0/1/4,
RequestMethod: GET,
Args:[0, 1, 4],
ReturnValue: Result(code=0, msg=成功获取项目列表, data=PageInfo{pageNum=1, pageSize=4, size=3, startRow=1, endRow=3, total=3, pages=1, list=Page{count=true, pageNum=1, pageSize=4, startRow=0, endRow=4, total=3, pages=1, reasonable=false, pageSizeZero=false}[Project(id=74, userEmail=1103705469@qq.com, projectBody=测试项目23, projectDesc=, projectState=0, createTime=1586533273382, updateTime=1586535461548), Project(id=70, userEmail=1103705469@qq.com, projectBody=测试项目, projectDesc=功能几乎已全部实现, projectState=0, createTime=1585416047320, updateTime=1586337355146), Project(id=69, userEmail=1103705469@qq.com, projectBody=测试项目, projectDesc=开发测试, projectState=0, createTime=1585415726868, updateTime=1585415962982)], prePage=0, nextPage=0, isFirstPage=true, isLastPage=true, hasPreviousPage=false, hasNextPage=false, navigatePages=8, navigateFirstPage=1, navigateLastPage=1, navigatepageNums=[1]}),
Time: 102ms,

2020-04-11 00:19:01.741  INFO 31864 --- [http-nio-8002-exec-4] cn.wzhihao.myspace.log.ControllerLog     : 执行方法：Result cn.wzhihao.myspace.controller.ProjectController.getProjectList(int,int,int),
Email: 1103705469@qq.com,
URL: /api/project/1/1/4,
RequestMethod: GET,
Args:[1, 1, 4],
ReturnValue: Result(code=0, msg=成功获取项目列表, data=PageInfo{pageNum=1, pageSize=4, size=1, startRow=1, endRow=1, total=1, pages=1, list=Page{count=true, pageNum=1, pageSize=4, startRow=0, endRow=4, total=1, pages=1, reasonable=false, pageSizeZero=false}[Project(id=71, userEmail=1103705469@qq.com, projectBody=结束项目测试, projectDesc=结束项目测试, projectState=1, createTime=1585416063692, updateTime=1585416088799)], prePage=0, nextPage=0, isFirstPage=true, isLastPage=true, hasPreviousPage=false, hasNextPage=false, navigatePages=8, navigateFirstPage=1, navigateLastPage=1, navigatepageNums=[1]}),
Time: 105ms,

2020-04-11 00:19:06.849  INFO 31864 --- [http-nio-8002-exec-6] cn.wzhihao.myspace.log.ControllerLog     : 执行方法：Result cn.wzhihao.myspace.controller.ProjectController.newProject(String,String),
Email: 1103705469@qq.com,
URL: /api/project,
RequestMethod: POST,
Args:[测试33, ],
ReturnValue: Result(code=0, msg=新建项目成功, data=null),
Time: 113ms,

2020-04-11 00:19:07.034  INFO 31864 --- [http-nio-8002-exec-9] cn.wzhihao.myspace.log.ControllerLog     : 执行方法：Result cn.wzhihao.myspace.controller.ProjectController.getProjectList(int,int,int),
Email: 1103705469@qq.com,
URL: /api/project/0/1/4,
RequestMethod: GET,
Args:[0, 1, 4],
ReturnValue: Result(code=0, msg=成功获取项目列表, data=PageInfo{pageNum=1, pageSize=4, size=4, startRow=1, endRow=4, total=4, pages=1, list=Page{count=true, pageNum=1, pageSize=4, startRow=0, endRow=4, total=4, pages=1, reasonable=false, pageSizeZero=false}[Project(id=75, userEmail=1103705469@qq.com, projectBody=测试33, projectDesc=, projectState=0, createTime=1586535546735, updateTime=1586535546736), Project(id=74, userEmail=1103705469@qq.com, projectBody=测试项目23, projectDesc=, projectState=0, createTime=1586533273382, updateTime=1586535461548), Project(id=70, userEmail=1103705469@qq.com, projectBody=测试项目, projectDesc=功能几乎已全部实现, projectState=0, createTime=1585416047320, updateTime=1586337355146), Project(id=69, userEmail=1103705469@qq.com, projectBody=测试项目, projectDesc=开发测试, projectState=0, createTime=1585415726868, updateTime=1585415962982)], prePage=0, nextPage=0, isFirstPage=true, isLastPage=true, hasPreviousPage=false, hasNextPage=false, navigatePages=8, navigateFirstPage=1, navigateLastPage=1, navigatepageNums=[1]}),
Time: 103ms,

2020-04-11 00:19:08.097  INFO 31864 --- [http-nio-8002-exec-5] cn.wzhihao.myspace.log.ControllerLog     : 执行方法：Result cn.wzhihao.myspace.controller.ProjectController.getDetail(int),
Email: 1103705469@qq.com,
URL: /api/project/75,
RequestMethod: GET,
Args:[75],
ReturnValue: Result(code=0, msg=获取项目详情成功, data=null),
Time: 50ms,

2020-04-11 00:21:01.314  INFO 31864 --- [http-nio-8002-exec-1] cn.wzhihao.myspace.log.ControllerLog     : 执行方法：Result cn.wzhihao.myspace.controller.ProjectController.getDetail(int),
Email: 1103705469@qq.com,
URL: /api/project/75,
RequestMethod: GET,
Args:[75],
ReturnValue: Result(code=0, msg=获取项目详情成功, data=null),
Time: 51ms,

2020-04-11 00:21:33.255  INFO 31864 --- [http-nio-8002-exec-2] cn.wzhihao.myspace.log.ControllerLog     : 执行方法：Result cn.wzhihao.myspace.controller.ProjectController.getProjectList(int,int,int),
Email: 1103705469@qq.com,
URL: /api/project/0/1/4,
RequestMethod: GET,
Args:[0, 1, 4],
ReturnValue: Result(code=0, msg=成功获取项目列表, data=PageInfo{pageNum=1, pageSize=4, size=4, startRow=1, endRow=4, total=4, pages=1, list=Page{count=true, pageNum=1, pageSize=4, startRow=0, endRow=4, total=4, pages=1, reasonable=false, pageSizeZero=false}[Project(id=75, userEmail=1103705469@qq.com, projectBody=测试33, projectDesc=, projectState=0, createTime=1586535546735, updateTime=1586535546736), Project(id=74, userEmail=1103705469@qq.com, projectBody=测试项目23, projectDesc=, projectState=0, createTime=1586533273382, updateTime=1586535461548), Project(id=70, userEmail=1103705469@qq.com, projectBody=测试项目, projectDesc=功能几乎已全部实现, projectState=0, createTime=1585416047320, updateTime=1586337355146), Project(id=69, userEmail=1103705469@qq.com, projectBody=测试项目, projectDesc=开发测试, projectState=0, createTime=1585415726868, updateTime=1585415962982)], prePage=0, nextPage=0, isFirstPage=true, isLastPage=true, hasPreviousPage=false, hasNextPage=false, navigatePages=8, navigateFirstPage=1, navigateLastPage=1, navigatepageNums=[1]}),
Time: 104ms,

2020-04-11 00:21:33.423  INFO 31864 --- [http-nio-8002-exec-10] cn.wzhihao.myspace.log.ControllerLog     : 执行方法：Result cn.wzhihao.myspace.controller.ProjectController.getProjectList(int,int,int),
Email: 1103705469@qq.com,
URL: /api/project/1/1/4,
RequestMethod: GET,
Args:[1, 1, 4],
ReturnValue: Result(code=0, msg=成功获取项目列表, data=PageInfo{pageNum=1, pageSize=4, size=1, startRow=1, endRow=1, total=1, pages=1, list=Page{count=true, pageNum=1, pageSize=4, startRow=0, endRow=4, total=1, pages=1, reasonable=false, pageSizeZero=false}[Project(id=71, userEmail=1103705469@qq.com, projectBody=结束项目测试, projectDesc=结束项目测试, projectState=1, createTime=1585416063692, updateTime=1585416088799)], prePage=0, nextPage=0, isFirstPage=true, isLastPage=true, hasPreviousPage=false, hasNextPage=false, navigatePages=8, navigateFirstPage=1, navigateLastPage=1, navigatepageNums=[1]}),
Time: 101ms,

2020-04-11 00:21:34.417  INFO 31864 --- [http-nio-8002-exec-3] cn.wzhihao.myspace.log.ControllerLog     : 执行方法：Result cn.wzhihao.myspace.controller.ProjectController.getDetail(int),
Email: 1103705469@qq.com,
URL: /api/project/75,
RequestMethod: GET,
Args:[75],
ReturnValue: Result(code=0, msg=获取项目详情成功, data=null),
Time: 50ms,

2020-04-11 00:21:40.223  INFO 31864 --- [http-nio-8002-exec-7] cn.wzhihao.myspace.log.ControllerLog     : 执行方法：Result cn.wzhihao.myspace.controller.ProjectController.getProjectList(int,int,int),
Email: 1103705469@qq.com,
URL: /api/project/0/1/4,
RequestMethod: GET,
Args:[0, 1, 4],
ReturnValue: Result(code=0, msg=成功获取项目列表, data=PageInfo{pageNum=1, pageSize=4, size=4, startRow=1, endRow=4, total=4, pages=1, list=Page{count=true, pageNum=1, pageSize=4, startRow=0, endRow=4, total=4, pages=1, reasonable=false, pageSizeZero=false}[Project(id=75, userEmail=1103705469@qq.com, projectBody=测试33, projectDesc=, projectState=0, createTime=1586535546735, updateTime=1586535546736), Project(id=74, userEmail=1103705469@qq.com, projectBody=测试项目23, projectDesc=, projectState=0, createTime=1586533273382, updateTime=1586535461548), Project(id=70, userEmail=1103705469@qq.com, projectBody=测试项目, projectDesc=功能几乎已全部实现, projectState=0, createTime=1585416047320, updateTime=1586337355146), Project(id=69, userEmail=1103705469@qq.com, projectBody=测试项目, projectDesc=开发测试, projectState=0, createTime=1585415726868, updateTime=1585415962982)], prePage=0, nextPage=0, isFirstPage=true, isLastPage=true, hasPreviousPage=false, hasNextPage=false, navigatePages=8, navigateFirstPage=1, navigateLastPage=1, navigatepageNums=[1]}),
Time: 100ms,

2020-04-11 00:21:40.280  INFO 31864 --- [http-nio-8002-exec-8] cn.wzhihao.myspace.log.ControllerLog     : 执行方法：Result cn.wzhihao.myspace.controller.ProjectController.getProjectList(int,int,int),
Email: 1103705469@qq.com,
URL: /api/project/1/1/4,
RequestMethod: GET,
Args:[1, 1, 4],
ReturnValue: Result(code=0, msg=成功获取项目列表, data=PageInfo{pageNum=1, pageSize=4, size=1, startRow=1, endRow=1, total=1, pages=1, list=Page{count=true, pageNum=1, pageSize=4, startRow=0, endRow=4, total=1, pages=1, reasonable=false, pageSizeZero=false}[Project(id=71, userEmail=1103705469@qq.com, projectBody=结束项目测试, projectDesc=结束项目测试, projectState=1, createTime=1585416063692, updateTime=1585416088799)], prePage=0, nextPage=0, isFirstPage=true, isLastPage=true, hasPreviousPage=false, hasNextPage=false, navigatePages=8, navigateFirstPage=1, navigateLastPage=1, navigatepageNums=[1]}),
Time: 100ms,

2020-04-11 00:21:41.254  INFO 31864 --- [http-nio-8002-exec-4] cn.wzhihao.myspace.log.ControllerLog     : 执行方法：Result cn.wzhihao.myspace.controller.ProjectController.getDetail(int),
Email: 1103705469@qq.com,
URL: /api/project/75,
RequestMethod: GET,
Args:[75],
ReturnValue: Result(code=0, msg=获取项目详情成功, data=null),
Time: 50ms,

2020-04-11 00:21:45.006  INFO 31864 --- [http-nio-8002-exec-6] cn.wzhihao.myspace.log.ControllerLog     : 执行方法：Result cn.wzhihao.myspace.controller.ProjectController.updateDetail(int,String),
Email: 1103705469@qq.com,
URL: /api/project/detail/75,
RequestMethod: PUT,
Args:[75, [{"body":"存储","child":[]}]],
ReturnValue: Result(code=0, msg=保存成功, data=null),
Time: 264ms,

2020-04-11 00:21:45.820  INFO 31864 --- [http-nio-8002-exec-9] cn.wzhihao.myspace.log.ControllerLog     : 执行方法：Result cn.wzhihao.myspace.controller.ProjectController.getProjectList(int,int,int),
Email: 1103705469@qq.com,
URL: /api/project/0/1/4,
RequestMethod: GET,
Args:[0, 1, 4],
ReturnValue: Result(code=0, msg=成功获取项目列表, data=PageInfo{pageNum=1, pageSize=4, size=4, startRow=1, endRow=4, total=4, pages=1, list=Page{count=true, pageNum=1, pageSize=4, startRow=0, endRow=4, total=4, pages=1, reasonable=false, pageSizeZero=false}[Project(id=75, userEmail=1103705469@qq.com, projectBody=测试33, projectDesc=, projectState=0, createTime=1586535546735, updateTime=1586535704903), Project(id=74, userEmail=1103705469@qq.com, projectBody=测试项目23, projectDesc=, projectState=0, createTime=1586533273382, updateTime=1586535461548), Project(id=70, userEmail=1103705469@qq.com, projectBody=测试项目, projectDesc=功能几乎已全部实现, projectState=0, createTime=1585416047320, updateTime=1586337355146), Project(id=69, userEmail=1103705469@qq.com, projectBody=测试项目, projectDesc=开发测试, projectState=0, createTime=1585415726868, updateTime=1585415962982)], prePage=0, nextPage=0, isFirstPage=true, isLastPage=true, hasPreviousPage=false, hasNextPage=false, navigatePages=8, navigateFirstPage=1, navigateLastPage=1, navigatepageNums=[1]}),
Time: 109ms,

2020-04-11 00:21:45.837  INFO 31864 --- [http-nio-8002-exec-5] cn.wzhihao.myspace.log.ControllerLog     : 执行方法：Result cn.wzhihao.myspace.controller.ProjectController.getProjectList(int,int,int),
Email: 1103705469@qq.com,
URL: /api/project/1/1/4,
RequestMethod: GET,
Args:[1, 1, 4],
ReturnValue: Result(code=0, msg=成功获取项目列表, data=PageInfo{pageNum=1, pageSize=4, size=1, startRow=1, endRow=1, total=1, pages=1, list=Page{count=true, pageNum=1, pageSize=4, startRow=0, endRow=4, total=1, pages=1, reasonable=false, pageSizeZero=false}[Project(id=71, userEmail=1103705469@qq.com, projectBody=结束项目测试, projectDesc=结束项目测试, projectState=1, createTime=1585416063692, updateTime=1585416088799)], prePage=0, nextPage=0, isFirstPage=true, isLastPage=true, hasPreviousPage=false, hasNextPage=false, navigatePages=8, navigateFirstPage=1, navigateLastPage=1, navigatepageNums=[1]}),
Time: 121ms,

2020-04-11 00:21:46.838  INFO 31864 --- [http-nio-8002-exec-1] cn.wzhihao.myspace.log.ControllerLog     : 执行方法：Result cn.wzhihao.myspace.controller.ProjectController.getDetail(int),
Email: 1103705469@qq.com,
URL: /api/project/75,
RequestMethod: GET,
Args:[75],
ReturnValue: Result(code=0, msg=获取项目详情成功, data=[{"body":"存储","child":[]}]),
Time: 50ms,

2020-04-11 00:24:05.029  INFO 31864 --- [http-nio-8002-exec-2] cn.wzhihao.myspace.log.ControllerLog     : 执行方法：Result cn.wzhihao.myspace.controller.ProjectController.getProjectList(int,int,int),
Email: 1103705469@qq.com,
URL: /api/project/0/1/4,
RequestMethod: GET,
Args:[0, 1, 4],
ReturnValue: Result(code=0, msg=成功获取项目列表, data=PageInfo{pageNum=1, pageSize=4, size=4, startRow=1, endRow=4, total=4, pages=1, list=Page{count=true, pageNum=1, pageSize=4, startRow=0, endRow=4, total=4, pages=1, reasonable=false, pageSizeZero=false}[Project(id=75, userEmail=1103705469@qq.com, projectBody=测试33, projectDesc=, projectState=0, createTime=1586535546735, updateTime=1586535704903), Project(id=74, userEmail=1103705469@qq.com, projectBody=测试项目23, projectDesc=, projectState=0, createTime=1586533273382, updateTime=1586535461548), Project(id=70, userEmail=1103705469@qq.com, projectBody=测试项目, projectDesc=功能几乎已全部实现, projectState=0, createTime=1585416047320, updateTime=1586337355146), Project(id=69, userEmail=1103705469@qq.com, projectBody=测试项目, projectDesc=开发测试, projectState=0, createTime=1585415726868, updateTime=1585415962982)], prePage=0, nextPage=0, isFirstPage=true, isLastPage=true, hasPreviousPage=false, hasNextPage=false, navigatePages=8, navigateFirstPage=1, navigateLastPage=1, navigatepageNums=[1]}),
Time: 104ms,

2020-04-11 00:24:05.197  INFO 31864 --- [http-nio-8002-exec-10] cn.wzhihao.myspace.log.ControllerLog     : 执行方法：Result cn.wzhihao.myspace.controller.ProjectController.getProjectList(int,int,int),
Email: 1103705469@qq.com,
URL: /api/project/1/1/4,
RequestMethod: GET,
Args:[1, 1, 4],
ReturnValue: Result(code=0, msg=成功获取项目列表, data=PageInfo{pageNum=1, pageSize=4, size=1, startRow=1, endRow=1, total=1, pages=1, list=Page{count=true, pageNum=1, pageSize=4, startRow=0, endRow=4, total=1, pages=1, reasonable=false, pageSizeZero=false}[Project(id=71, userEmail=1103705469@qq.com, projectBody=结束项目测试, projectDesc=结束项目测试, projectState=1, createTime=1585416063692, updateTime=1585416088799)], prePage=0, nextPage=0, isFirstPage=true, isLastPage=true, hasPreviousPage=false, hasNextPage=false, navigatePages=8, navigateFirstPage=1, navigateLastPage=1, navigatepageNums=[1]}),
Time: 102ms,

2020-04-11 00:24:15.321  INFO 31864 --- [http-nio-8002-exec-3] cn.wzhihao.myspace.log.ControllerLog     : 执行方法：Result cn.wzhihao.myspace.controller.ProjectController.getDetail(int),
Email: 1103705469@qq.com,
URL: /api/project/75,
RequestMethod: GET,
Args:[75],
ReturnValue: Result(code=0, msg=获取项目详情成功, data=[{"body":"存储","child":[]}]),
Time: 51ms,

2020-04-11 00:26:53.200  INFO 31864 --- [http-nio-8002-exec-7] cn.wzhihao.myspace.log.ControllerLog     : 执行方法：Result cn.wzhihao.myspace.controller.ProjectController.getProjectList(int,int,int),
Email: 1103705469@qq.com,
URL: /api/project/0/1/4,
RequestMethod: GET,
Args:[0, 1, 4],
ReturnValue: Result(code=0, msg=成功获取项目列表, data=PageInfo{pageNum=1, pageSize=4, size=4, startRow=1, endRow=4, total=4, pages=1, list=Page{count=true, pageNum=1, pageSize=4, startRow=0, endRow=4, total=4, pages=1, reasonable=false, pageSizeZero=false}[Project(id=75, userEmail=1103705469@qq.com, projectBody=测试33, projectDesc=, projectState=0, createTime=1586535546735, updateTime=1586535704903), Project(id=74, userEmail=1103705469@qq.com, projectBody=测试项目23, projectDesc=, projectState=0, createTime=1586533273382, updateTime=1586535461548), Project(id=70, userEmail=1103705469@qq.com, projectBody=测试项目, projectDesc=功能几乎已全部实现, projectState=0, createTime=1585416047320, updateTime=1586337355146), Project(id=69, userEmail=1103705469@qq.com, projectBody=测试项目, projectDesc=开发测试, projectState=0, createTime=1585415726868, updateTime=1585415962982)], prePage=0, nextPage=0, isFirstPage=true, isLastPage=true, hasPreviousPage=false, hasNextPage=false, navigatePages=8, navigateFirstPage=1, navigateLastPage=1, navigatepageNums=[1]}),
Time: 103ms,

2020-04-11 00:26:53.364  INFO 31864 --- [http-nio-8002-exec-8] cn.wzhihao.myspace.log.ControllerLog     : 执行方法：Result cn.wzhihao.myspace.controller.ProjectController.getProjectList(int,int,int),
Email: 1103705469@qq.com,
URL: /api/project/1/1/4,
RequestMethod: GET,
Args:[1, 1, 4],
ReturnValue: Result(code=0, msg=成功获取项目列表, data=PageInfo{pageNum=1, pageSize=4, size=1, startRow=1, endRow=1, total=1, pages=1, list=Page{count=true, pageNum=1, pageSize=4, startRow=0, endRow=4, total=1, pages=1, reasonable=false, pageSizeZero=false}[Project(id=71, userEmail=1103705469@qq.com, projectBody=结束项目测试, projectDesc=结束项目测试, projectState=1, createTime=1585416063692, updateTime=1585416088799)], prePage=0, nextPage=0, isFirstPage=true, isLastPage=true, hasPreviousPage=false, hasNextPage=false, navigatePages=8, navigateFirstPage=1, navigateLastPage=1, navigatepageNums=[1]}),
Time: 102ms,

2020-04-11 00:26:56.129  INFO 31864 --- [http-nio-8002-exec-4] cn.wzhihao.myspace.log.ControllerLog     : 执行方法：Result cn.wzhihao.myspace.controller.ProjectController.getProjectList(int,int,int),
Email: 1103705469@qq.com,
URL: /api/project/0/1/4,
RequestMethod: GET,
Args:[0, 1, 4],
ReturnValue: Result(code=0, msg=成功获取项目列表, data=PageInfo{pageNum=1, pageSize=4, size=4, startRow=1, endRow=4, total=4, pages=1, list=Page{count=true, pageNum=1, pageSize=4, startRow=0, endRow=4, total=4, pages=1, reasonable=false, pageSizeZero=false}[Project(id=75, userEmail=1103705469@qq.com, projectBody=测试33, projectDesc=, projectState=0, createTime=1586535546735, updateTime=1586535704903), Project(id=74, userEmail=1103705469@qq.com, projectBody=测试项目23, projectDesc=, projectState=0, createTime=1586533273382, updateTime=1586535461548), Project(id=70, userEmail=1103705469@qq.com, projectBody=测试项目, projectDesc=功能几乎已全部实现, projectState=0, createTime=1585416047320, updateTime=1586337355146), Project(id=69, userEmail=1103705469@qq.com, projectBody=测试项目, projectDesc=开发测试, projectState=0, createTime=1585415726868, updateTime=1585415962982)], prePage=0, nextPage=0, isFirstPage=true, isLastPage=true, hasPreviousPage=false, hasNextPage=false, navigatePages=8, navigateFirstPage=1, navigateLastPage=1, navigatepageNums=[1]}),
Time: 102ms,

2020-04-11 00:26:57.131  INFO 31864 --- [http-nio-8002-exec-6] cn.wzhihao.myspace.log.ControllerLog     : 执行方法：Result cn.wzhihao.myspace.controller.ProjectController.getProjectList(int,int,int),
Email: 1103705469@qq.com,
URL: /api/project/1/1/4,
RequestMethod: GET,
Args:[1, 1, 4],
ReturnValue: Result(code=0, msg=成功获取项目列表, data=PageInfo{pageNum=1, pageSize=4, size=1, startRow=1, endRow=1, total=1, pages=1, list=Page{count=true, pageNum=1, pageSize=4, startRow=0, endRow=4, total=1, pages=1, reasonable=false, pageSizeZero=false}[Project(id=71, userEmail=1103705469@qq.com, projectBody=结束项目测试, projectDesc=结束项目测试, projectState=1, createTime=1585416063692, updateTime=1585416088799)], prePage=0, nextPage=0, isFirstPage=true, isLastPage=true, hasPreviousPage=false, hasNextPage=false, navigatePages=8, navigateFirstPage=1, navigateLastPage=1, navigatepageNums=[1]}),
Time: 103ms,

2020-04-11 00:26:58.550  INFO 31864 --- [http-nio-8002-exec-9] cn.wzhihao.myspace.log.ControllerLog     : 执行方法：Result cn.wzhihao.myspace.controller.ProjectController.getDetail(int),
Email: 1103705469@qq.com,
URL: /api/project/75,
RequestMethod: GET,
Args:[75],
ReturnValue: Result(code=0, msg=获取项目详情成功, data=[{"body":"存储","child":[]}]),
Time: 55ms,

2020-04-11 00:27:36.957  INFO 31864 --- [http-nio-8002-exec-5] cn.wzhihao.myspace.log.ControllerLog     : 执行方法：Result cn.wzhihao.myspace.controller.ProjectController.getDetail(int),
Email: 1103705469@qq.com,
URL: /api/project/75,
RequestMethod: GET,
Args:[75],
ReturnValue: Result(code=0, msg=获取项目详情成功, data=[{"body":"存储","child":[]}]),
Time: 57ms,

2020-04-11 00:27:42.972  INFO 31864 --- [http-nio-8002-exec-1] cn.wzhihao.myspace.log.ControllerLog     : 执行方法：Result cn.wzhihao.myspace.controller.ProjectController.getProjectList(int,int,int),
Email: 1103705469@qq.com,
URL: /api/project/0/1/4,
RequestMethod: GET,
Args:[0, 1, 4],
ReturnValue: Result(code=0, msg=成功获取项目列表, data=PageInfo{pageNum=1, pageSize=4, size=4, startRow=1, endRow=4, total=4, pages=1, list=Page{count=true, pageNum=1, pageSize=4, startRow=0, endRow=4, total=4, pages=1, reasonable=false, pageSizeZero=false}[Project(id=75, userEmail=1103705469@qq.com, projectBody=测试33, projectDesc=, projectState=0, createTime=1586535546735, updateTime=1586535704903), Project(id=74, userEmail=1103705469@qq.com, projectBody=测试项目23, projectDesc=, projectState=0, createTime=1586533273382, updateTime=1586535461548), Project(id=70, userEmail=1103705469@qq.com, projectBody=测试项目, projectDesc=功能几乎已全部实现, projectState=0, createTime=1585416047320, updateTime=1586337355146), Project(id=69, userEmail=1103705469@qq.com, projectBody=测试项目, projectDesc=开发测试, projectState=0, createTime=1585415726868, updateTime=1585415962982)], prePage=0, nextPage=0, isFirstPage=true, isLastPage=true, hasPreviousPage=false, hasNextPage=false, navigatePages=8, navigateFirstPage=1, navigateLastPage=1, navigatepageNums=[1]}),
Time: 101ms,

2020-04-11 00:27:42.986  INFO 31864 --- [http-nio-8002-exec-2] cn.wzhihao.myspace.log.ControllerLog     : 执行方法：Result cn.wzhihao.myspace.controller.ProjectController.getProjectList(int,int,int),
Email: 1103705469@qq.com,
URL: /api/project/1/1/4,
RequestMethod: GET,
Args:[1, 1, 4],
ReturnValue: Result(code=0, msg=成功获取项目列表, data=PageInfo{pageNum=1, pageSize=4, size=1, startRow=1, endRow=1, total=1, pages=1, list=Page{count=true, pageNum=1, pageSize=4, startRow=0, endRow=4, total=1, pages=1, reasonable=false, pageSizeZero=false}[Project(id=71, userEmail=1103705469@qq.com, projectBody=结束项目测试, projectDesc=结束项目测试, projectState=1, createTime=1585416063692, updateTime=1585416088799)], prePage=0, nextPage=0, isFirstPage=true, isLastPage=true, hasPreviousPage=false, hasNextPage=false, navigatePages=8, navigateFirstPage=1, navigateLastPage=1, navigatepageNums=[1]}),
Time: 112ms,

2020-04-11 00:30:13.713  INFO 31864 --- [http-nio-8002-exec-3] cn.wzhihao.myspace.log.ControllerLog     : 执行方法：Result cn.wzhihao.myspace.controller.ProjectController.getProjectList(int,int,int),
Email: 1103705469@qq.com,
URL: /api/project/1/1/4,
RequestMethod: GET,
Args:[1, 1, 4],
ReturnValue: Result(code=0, msg=成功获取项目列表, data=PageInfo{pageNum=1, pageSize=4, size=1, startRow=1, endRow=1, total=1, pages=1, list=Page{count=true, pageNum=1, pageSize=4, startRow=0, endRow=4, total=1, pages=1, reasonable=false, pageSizeZero=false}[Project(id=71, userEmail=1103705469@qq.com, projectBody=结束项目测试, projectDesc=结束项目测试, projectState=1, createTime=1585416063692, updateTime=1585416088799)], prePage=0, nextPage=0, isFirstPage=true, isLastPage=true, hasPreviousPage=false, hasNextPage=false, navigatePages=8, navigateFirstPage=1, navigateLastPage=1, navigatepageNums=[1]}),
Time: 115ms,

2020-04-11 00:30:13.714  INFO 31864 --- [http-nio-8002-exec-10] cn.wzhihao.myspace.log.ControllerLog     : 执行方法：Result cn.wzhihao.myspace.controller.ProjectController.getProjectList(int,int,int),
Email: 1103705469@qq.com,
URL: /api/project/0/1/4,
RequestMethod: GET,
Args:[0, 1, 4],
ReturnValue: Result(code=0, msg=成功获取项目列表, data=PageInfo{pageNum=1, pageSize=4, size=4, startRow=1, endRow=4, total=4, pages=1, list=Page{count=true, pageNum=1, pageSize=4, startRow=0, endRow=4, total=4, pages=1, reasonable=false, pageSizeZero=false}[Project(id=75, userEmail=1103705469@qq.com, projectBody=测试33, projectDesc=, projectState=0, createTime=1586535546735, updateTime=1586535704903), Project(id=74, userEmail=1103705469@qq.com, projectBody=测试项目23, projectDesc=, projectState=0, createTime=1586533273382, updateTime=1586535461548), Project(id=70, userEmail=1103705469@qq.com, projectBody=测试项目, projectDesc=功能几乎已全部实现, projectState=0, createTime=1585416047320, updateTime=1586337355146), Project(id=69, userEmail=1103705469@qq.com, projectBody=测试项目, projectDesc=开发测试, projectState=0, createTime=1585415726868, updateTime=1585415962982)], prePage=0, nextPage=0, isFirstPage=true, isLastPage=true, hasPreviousPage=false, hasNextPage=false, navigatePages=8, navigateFirstPage=1, navigateLastPage=1, navigatepageNums=[1]}),
Time: 119ms,

2020-04-11 00:32:21.091  INFO 31864 --- [http-nio-8002-exec-7] c.w.m.service.Impl.MemoServiceImpl       : Page{count=true, pageNum=1, pageSize=7, startRow=0, endRow=7, total=3, pages=1, reasonable=false, pageSizeZero=false}[Memo(id=84, userEmail=1103705469@qq.com, memoType=0, memoEmail=1103705469@qq.com, preTime=0, preDate=null, memoDate=1585462963000, memoContent=测试23, createTime=1585456089368, memoState=1), Memo(id=83, userEmail=1103705469@qq.com, memoType=0, memoEmail=1103705469@qq.com, preTime=0, preDate=null, memoDate=1585459363000, memoContent=测试2, createTime=1585456076556, memoState=1), Memo(id=82, userEmail=1103705469@qq.com, memoType=0, memoEmail=1103705469@qq.com, preTime=0, preDate=null, memoDate=1585455763000, memoContent=测试, createTime=1585455712473, memoState=1)]
2020-04-11 00:32:21.092  INFO 31864 --- [http-nio-8002-exec-7] cn.wzhihao.myspace.log.ControllerLog     : 执行方法：Result cn.wzhihao.myspace.controller.MemoController.getMemoListByType(int,int,int),
Email: 1103705469@qq.com,
URL: /api/memo/0/1/7,
RequestMethod: GET,
Args:[0, 1, 7],
ReturnValue: Result(code=0, msg=获取成功, data=PageInfo{pageNum=1, pageSize=7, size=3, startRow=1, endRow=3, total=3, pages=1, list=Page{count=true, pageNum=1, pageSize=7, startRow=0, endRow=7, total=3, pages=1, reasonable=false, pageSizeZero=false}[Memo(id=84, userEmail=1103705469@qq.com, memoType=0, memoEmail=1103705469@qq.com, preTime=0, preDate=null, memoDate=1585462963000, memoContent=测试23, createTime=1585456089368, memoState=1), Memo(id=83, userEmail=1103705469@qq.com, memoType=0, memoEmail=1103705469@qq.com, preTime=0, preDate=null, memoDate=1585459363000, memoContent=测试2, createTime=1585456076556, memoState=1), Memo(id=82, userEmail=1103705469@qq.com, memoType=0, memoEmail=1103705469@qq.com, preTime=0, preDate=null, memoDate=1585455763000, memoContent=测试, createTime=1585455712473, memoState=1)], prePage=0, nextPage=0, isFirstPage=true, isLastPage=true, hasPreviousPage=false, hasNextPage=false, navigatePages=8, navigateFirstPage=1, navigateLastPage=1, navigatepageNums=[1]}),
Time: 137ms,

2020-04-11 00:32:21.136  INFO 31864 --- [http-nio-8002-exec-4] c.w.m.service.Impl.MemoServiceImpl       : Page{count=true, pageNum=1, pageSize=7, startRow=0, endRow=7, total=2, pages=1, reasonable=false, pageSizeZero=false}[Memo(id=81, userEmail=1103705469@qq.com, memoType=2, memoEmail=1103705469@qq.com, preTime=7, preDate=1617033600000, memoDate=1554480000000, memoContent=提前七天纪念日提醒测试, createTime=1585416343894, memoState=0), Memo(id=80, userEmail=1103705469@qq.com, memoType=2, memoEmail=1103705469@qq.com, preTime=0, preDate=null, memoDate=1553875200000, memoContent=当天纪念日提醒测试, createTime=1585416315355, memoState=0)]
2020-04-11 00:32:21.137  INFO 31864 --- [http-nio-8002-exec-4] cn.wzhihao.myspace.log.ControllerLog     : 执行方法：Result cn.wzhihao.myspace.controller.MemoController.getMemoListByType(int,int,int),
Email: 1103705469@qq.com,
URL: /api/memo/2/1/7,
RequestMethod: GET,
Args:[2, 1, 7],
ReturnValue: Result(code=0, msg=获取成功, data=PageInfo{pageNum=1, pageSize=7, size=2, startRow=1, endRow=2, total=2, pages=1, list=Page{count=true, pageNum=1, pageSize=7, startRow=0, endRow=7, total=2, pages=1, reasonable=false, pageSizeZero=false}[Memo(id=81, userEmail=1103705469@qq.com, memoType=2, memoEmail=1103705469@qq.com, preTime=7, preDate=1617033600000, memoDate=1554480000000, memoContent=提前七天纪念日提醒测试, createTime=1585416343894, memoState=0), Memo(id=80, userEmail=1103705469@qq.com, memoType=2, memoEmail=1103705469@qq.com, preTime=0, preDate=null, memoDate=1553875200000, memoContent=当天纪念日提醒测试, createTime=1585416315355, memoState=0)], prePage=0, nextPage=0, isFirstPage=true, isLastPage=true, hasPreviousPage=false, hasNextPage=false, navigatePages=8, navigateFirstPage=1, navigateLastPage=1, navigatepageNums=[1]}),
Time: 175ms,

2020-04-11 00:32:21.204  INFO 31864 --- [http-nio-8002-exec-8] c.w.m.service.Impl.MemoServiceImpl       : Page{count=true, pageNum=1, pageSize=7, startRow=0, endRow=7, total=2, pages=1, reasonable=false, pageSizeZero=false}[Memo(id=79, userEmail=1103705469@qq.com, memoType=1, memoEmail=1103705469@qq.com, preTime=3, preDate=1617033600000, memoDate=1554134400000, memoContent=当天生日提醒, createTime=1585416240202, memoState=0), Memo(id=78, userEmail=1103705469@qq.com, memoType=1, memoEmail=1103705469@qq.com, preTime=0, preDate=null, memoDate=1553875200000, memoContent=当天生日提醒, createTime=1585416220707, memoState=0)]
2020-04-11 00:32:21.204  INFO 31864 --- [http-nio-8002-exec-8] cn.wzhihao.myspace.log.ControllerLog     : 执行方法：Result cn.wzhihao.myspace.controller.MemoController.getMemoListByType(int,int,int),
Email: 1103705469@qq.com,
URL: /api/memo/1/1/7,
RequestMethod: GET,
Args:[1, 1, 7],
ReturnValue: Result(code=0, msg=获取成功, data=PageInfo{pageNum=1, pageSize=7, size=2, startRow=1, endRow=2, total=2, pages=1, list=Page{count=true, pageNum=1, pageSize=7, startRow=0, endRow=7, total=2, pages=1, reasonable=false, pageSizeZero=false}[Memo(id=79, userEmail=1103705469@qq.com, memoType=1, memoEmail=1103705469@qq.com, preTime=3, preDate=1617033600000, memoDate=1554134400000, memoContent=当天生日提醒, createTime=1585416240202, memoState=0), Memo(id=78, userEmail=1103705469@qq.com, memoType=1, memoEmail=1103705469@qq.com, preTime=0, preDate=null, memoDate=1553875200000, memoContent=当天生日提醒, createTime=1585416220707, memoState=0)], prePage=0, nextPage=0, isFirstPage=true, isLastPage=true, hasPreviousPage=false, hasNextPage=false, navigatePages=8, navigateFirstPage=1, navigateLastPage=1, navigatepageNums=[1]}),
Time: 182ms,

2020-04-11 00:33:56.906  INFO 31864 --- [http-nio-8002-exec-6] c.w.m.service.Impl.MemoServiceImpl       : Page{count=true, pageNum=1, pageSize=7, startRow=0, endRow=7, total=3, pages=1, reasonable=false, pageSizeZero=false}[Memo(id=84, userEmail=1103705469@qq.com, memoType=0, memoEmail=1103705469@qq.com, preTime=0, preDate=null, memoDate=1585462963000, memoContent=测试23, createTime=1585456089368, memoState=1), Memo(id=83, userEmail=1103705469@qq.com, memoType=0, memoEmail=1103705469@qq.com, preTime=0, preDate=null, memoDate=1585459363000, memoContent=测试2, createTime=1585456076556, memoState=1), Memo(id=82, userEmail=1103705469@qq.com, memoType=0, memoEmail=1103705469@qq.com, preTime=0, preDate=null, memoDate=1585455763000, memoContent=测试, createTime=1585455712473, memoState=1)]
2020-04-11 00:33:56.906  INFO 31864 --- [http-nio-8002-exec-6] cn.wzhihao.myspace.log.ControllerLog     : 执行方法：Result cn.wzhihao.myspace.controller.MemoController.getMemoListByType(int,int,int),
Email: 1103705469@qq.com,
URL: /api/memo/0/1/7,
RequestMethod: GET,
Args:[0, 1, 7],
ReturnValue: Result(code=0, msg=获取成功, data=PageInfo{pageNum=1, pageSize=7, size=3, startRow=1, endRow=3, total=3, pages=1, list=Page{count=true, pageNum=1, pageSize=7, startRow=0, endRow=7, total=3, pages=1, reasonable=false, pageSizeZero=false}[Memo(id=84, userEmail=1103705469@qq.com, memoType=0, memoEmail=1103705469@qq.com, preTime=0, preDate=null, memoDate=1585462963000, memoContent=测试23, createTime=1585456089368, memoState=1), Memo(id=83, userEmail=1103705469@qq.com, memoType=0, memoEmail=1103705469@qq.com, preTime=0, preDate=null, memoDate=1585459363000, memoContent=测试2, createTime=1585456076556, memoState=1), Memo(id=82, userEmail=1103705469@qq.com, memoType=0, memoEmail=1103705469@qq.com, preTime=0, preDate=null, memoDate=1585455763000, memoContent=测试, createTime=1585455712473, memoState=1)], prePage=0, nextPage=0, isFirstPage=true, isLastPage=true, hasPreviousPage=false, hasNextPage=false, navigatePages=8, navigateFirstPage=1, navigateLastPage=1, navigatepageNums=[1]}),
Time: 105ms,

2020-04-11 00:33:56.916  INFO 31864 --- [http-nio-8002-exec-9] c.w.m.service.Impl.MemoServiceImpl       : Page{count=true, pageNum=1, pageSize=7, startRow=0, endRow=7, total=2, pages=1, reasonable=false, pageSizeZero=false}[Memo(id=79, userEmail=1103705469@qq.com, memoType=1, memoEmail=1103705469@qq.com, preTime=3, preDate=1617033600000, memoDate=1554134400000, memoContent=当天生日提醒, createTime=1585416240202, memoState=0), Memo(id=78, userEmail=1103705469@qq.com, memoType=1, memoEmail=1103705469@qq.com, preTime=0, preDate=null, memoDate=1553875200000, memoContent=当天生日提醒, createTime=1585416220707, memoState=0)]
2020-04-11 00:33:56.916  INFO 31864 --- [http-nio-8002-exec-9] cn.wzhihao.myspace.log.ControllerLog     : 执行方法：Result cn.wzhihao.myspace.controller.MemoController.getMemoListByType(int,int,int),
Email: 1103705469@qq.com,
URL: /api/memo/1/1/7,
RequestMethod: GET,
Args:[1, 1, 7],
ReturnValue: Result(code=0, msg=获取成功, data=PageInfo{pageNum=1, pageSize=7, size=2, startRow=1, endRow=2, total=2, pages=1, list=Page{count=true, pageNum=1, pageSize=7, startRow=0, endRow=7, total=2, pages=1, reasonable=false, pageSizeZero=false}[Memo(id=79, userEmail=1103705469@qq.com, memoType=1, memoEmail=1103705469@qq.com, preTime=3, preDate=1617033600000, memoDate=1554134400000, memoContent=当天生日提醒, createTime=1585416240202, memoState=0), Memo(id=78, userEmail=1103705469@qq.com, memoType=1, memoEmail=1103705469@qq.com, preTime=0, preDate=null, memoDate=1553875200000, memoContent=当天生日提醒, createTime=1585416220707, memoState=0)], prePage=0, nextPage=0, isFirstPage=true, isLastPage=true, hasPreviousPage=false, hasNextPage=false, navigatePages=8, navigateFirstPage=1, navigateLastPage=1, navigatepageNums=[1]}),
Time: 109ms,

2020-04-11 00:33:57.098  INFO 31864 --- [http-nio-8002-exec-5] c.w.m.service.Impl.MemoServiceImpl       : Page{count=true, pageNum=1, pageSize=7, startRow=0, endRow=7, total=2, pages=1, reasonable=false, pageSizeZero=false}[Memo(id=81, userEmail=1103705469@qq.com, memoType=2, memoEmail=1103705469@qq.com, preTime=7, preDate=1617033600000, memoDate=1554480000000, memoContent=提前七天纪念日提醒测试, createTime=1585416343894, memoState=0), Memo(id=80, userEmail=1103705469@qq.com, memoType=2, memoEmail=1103705469@qq.com, preTime=0, preDate=null, memoDate=1553875200000, memoContent=当天纪念日提醒测试, createTime=1585416315355, memoState=0)]
2020-04-11 00:33:57.099  INFO 31864 --- [http-nio-8002-exec-5] cn.wzhihao.myspace.log.ControllerLog     : 执行方法：Result cn.wzhihao.myspace.controller.MemoController.getMemoListByType(int,int,int),
Email: 1103705469@qq.com,
URL: /api/memo/2/1/7,
RequestMethod: GET,
Args:[2, 1, 7],
ReturnValue: Result(code=0, msg=获取成功, data=PageInfo{pageNum=1, pageSize=7, size=2, startRow=1, endRow=2, total=2, pages=1, list=Page{count=true, pageNum=1, pageSize=7, startRow=0, endRow=7, total=2, pages=1, reasonable=false, pageSizeZero=false}[Memo(id=81, userEmail=1103705469@qq.com, memoType=2, memoEmail=1103705469@qq.com, preTime=7, preDate=1617033600000, memoDate=1554480000000, memoContent=提前七天纪念日提醒测试, createTime=1585416343894, memoState=0), Memo(id=80, userEmail=1103705469@qq.com, memoType=2, memoEmail=1103705469@qq.com, preTime=0, preDate=null, memoDate=1553875200000, memoContent=当天纪念日提醒测试, createTime=1585416315355, memoState=0)], prePage=0, nextPage=0, isFirstPage=true, isLastPage=true, hasPreviousPage=false, hasNextPage=false, navigatePages=8, navigateFirstPage=1, navigateLastPage=1, navigatepageNums=[1]}),
Time: 108ms,

2020-04-11 00:34:45.687  INFO 31864 --- [http-nio-8002-exec-1] c.w.m.service.Impl.MemoServiceImpl       : Page{count=true, pageNum=1, pageSize=7, startRow=0, endRow=7, total=3, pages=1, reasonable=false, pageSizeZero=false}[Memo(id=84, userEmail=1103705469@qq.com, memoType=0, memoEmail=1103705469@qq.com, preTime=0, preDate=null, memoDate=1585462963000, memoContent=测试23, createTime=1585456089368, memoState=1), Memo(id=83, userEmail=1103705469@qq.com, memoType=0, memoEmail=1103705469@qq.com, preTime=0, preDate=null, memoDate=1585459363000, memoContent=测试2, createTime=1585456076556, memoState=1), Memo(id=82, userEmail=1103705469@qq.com, memoType=0, memoEmail=1103705469@qq.com, preTime=0, preDate=null, memoDate=1585455763000, memoContent=测试, createTime=1585455712473, memoState=1)]
2020-04-11 00:34:45.688  INFO 31864 --- [http-nio-8002-exec-1] cn.wzhihao.myspace.log.ControllerLog     : 执行方法：Result cn.wzhihao.myspace.controller.MemoController.getMemoListByType(int,int,int),
Email: 1103705469@qq.com,
URL: /api/memo/0/1/7,
RequestMethod: GET,
Args:[0, 1, 7],
ReturnValue: Result(code=0, msg=获取成功, data=PageInfo{pageNum=1, pageSize=7, size=3, startRow=1, endRow=3, total=3, pages=1, list=Page{count=true, pageNum=1, pageSize=7, startRow=0, endRow=7, total=3, pages=1, reasonable=false, pageSizeZero=false}[Memo(id=84, userEmail=1103705469@qq.com, memoType=0, memoEmail=1103705469@qq.com, preTime=0, preDate=null, memoDate=1585462963000, memoContent=测试23, createTime=1585456089368, memoState=1), Memo(id=83, userEmail=1103705469@qq.com, memoType=0, memoEmail=1103705469@qq.com, preTime=0, preDate=null, memoDate=1585459363000, memoContent=测试2, createTime=1585456076556, memoState=1), Memo(id=82, userEmail=1103705469@qq.com, memoType=0, memoEmail=1103705469@qq.com, preTime=0, preDate=null, memoDate=1585455763000, memoContent=测试, createTime=1585455712473, memoState=1)], prePage=0, nextPage=0, isFirstPage=true, isLastPage=true, hasPreviousPage=false, hasNextPage=false, navigatePages=8, navigateFirstPage=1, navigateLastPage=1, navigatepageNums=[1]}),
Time: 127ms,

2020-04-11 00:34:45.696  INFO 31864 --- [http-nio-8002-exec-2] c.w.m.service.Impl.MemoServiceImpl       : Page{count=true, pageNum=1, pageSize=7, startRow=0, endRow=7, total=2, pages=1, reasonable=false, pageSizeZero=false}[Memo(id=79, userEmail=1103705469@qq.com, memoType=1, memoEmail=1103705469@qq.com, preTime=3, preDate=1617033600000, memoDate=1554134400000, memoContent=当天生日提醒, createTime=1585416240202, memoState=0), Memo(id=78, userEmail=1103705469@qq.com, memoType=1, memoEmail=1103705469@qq.com, preTime=0, preDate=null, memoDate=1553875200000, memoContent=当天生日提醒, createTime=1585416220707, memoState=0)]
2020-04-11 00:34:45.697  INFO 31864 --- [http-nio-8002-exec-2] cn.wzhihao.myspace.log.ControllerLog     : 执行方法：Result cn.wzhihao.myspace.controller.MemoController.getMemoListByType(int,int,int),
Email: 1103705469@qq.com,
URL: /api/memo/1/1/7,
RequestMethod: GET,
Args:[1, 1, 7],
ReturnValue: Result(code=0, msg=获取成功, data=PageInfo{pageNum=1, pageSize=7, size=2, startRow=1, endRow=2, total=2, pages=1, list=Page{count=true, pageNum=1, pageSize=7, startRow=0, endRow=7, total=2, pages=1, reasonable=false, pageSizeZero=false}[Memo(id=79, userEmail=1103705469@qq.com, memoType=1, memoEmail=1103705469@qq.com, preTime=3, preDate=1617033600000, memoDate=1554134400000, memoContent=当天生日提醒, createTime=1585416240202, memoState=0), Memo(id=78, userEmail=1103705469@qq.com, memoType=1, memoEmail=1103705469@qq.com, preTime=0, preDate=null, memoDate=1553875200000, memoContent=当天生日提醒, createTime=1585416220707, memoState=0)], prePage=0, nextPage=0, isFirstPage=true, isLastPage=true, hasPreviousPage=false, hasNextPage=false, navigatePages=8, navigateFirstPage=1, navigateLastPage=1, navigatepageNums=[1]}),
Time: 137ms,

2020-04-11 00:34:45.859  INFO 31864 --- [http-nio-8002-exec-3] c.w.m.service.Impl.MemoServiceImpl       : Page{count=true, pageNum=1, pageSize=7, startRow=0, endRow=7, total=2, pages=1, reasonable=false, pageSizeZero=false}[Memo(id=81, userEmail=1103705469@qq.com, memoType=2, memoEmail=1103705469@qq.com, preTime=7, preDate=1617033600000, memoDate=1554480000000, memoContent=提前七天纪念日提醒测试, createTime=1585416343894, memoState=0), Memo(id=80, userEmail=1103705469@qq.com, memoType=2, memoEmail=1103705469@qq.com, preTime=0, preDate=null, memoDate=1553875200000, memoContent=当天纪念日提醒测试, createTime=1585416315355, memoState=0)]
2020-04-11 00:34:45.859  INFO 31864 --- [http-nio-8002-exec-3] cn.wzhihao.myspace.log.ControllerLog     : 执行方法：Result cn.wzhihao.myspace.controller.MemoController.getMemoListByType(int,int,int),
Email: 1103705469@qq.com,
URL: /api/memo/2/1/7,
RequestMethod: GET,
Args:[2, 1, 7],
ReturnValue: Result(code=0, msg=获取成功, data=PageInfo{pageNum=1, pageSize=7, size=2, startRow=1, endRow=2, total=2, pages=1, list=Page{count=true, pageNum=1, pageSize=7, startRow=0, endRow=7, total=2, pages=1, reasonable=false, pageSizeZero=false}[Memo(id=81, userEmail=1103705469@qq.com, memoType=2, memoEmail=1103705469@qq.com, preTime=7, preDate=1617033600000, memoDate=1554480000000, memoContent=提前七天纪念日提醒测试, createTime=1585416343894, memoState=0), Memo(id=80, userEmail=1103705469@qq.com, memoType=2, memoEmail=1103705469@qq.com, preTime=0, preDate=null, memoDate=1553875200000, memoContent=当天纪念日提醒测试, createTime=1585416315355, memoState=0)], prePage=0, nextPage=0, isFirstPage=true, isLastPage=true, hasPreviousPage=false, hasNextPage=false, navigatePages=8, navigateFirstPage=1, navigateLastPage=1, navigatepageNums=[1]}),
Time: 108ms,

2020-04-11 00:37:23.883  INFO 31864 --- [http-nio-8002-exec-7] c.w.m.service.Impl.MemoServiceImpl       : Page{count=true, pageNum=1, pageSize=7, startRow=0, endRow=7, total=2, pages=1, reasonable=false, pageSizeZero=false}[Memo(id=79, userEmail=1103705469@qq.com, memoType=1, memoEmail=1103705469@qq.com, preTime=3, preDate=1617033600000, memoDate=1554134400000, memoContent=当天生日提醒, createTime=1585416240202, memoState=0), Memo(id=78, userEmail=1103705469@qq.com, memoType=1, memoEmail=1103705469@qq.com, preTime=0, preDate=null, memoDate=1553875200000, memoContent=当天生日提醒, createTime=1585416220707, memoState=0)]
2020-04-11 00:37:23.884  INFO 31864 --- [http-nio-8002-exec-7] cn.wzhihao.myspace.log.ControllerLog     : 执行方法：Result cn.wzhihao.myspace.controller.MemoController.getMemoListByType(int,int,int),
Email: 1103705469@qq.com,
URL: /api/memo/1/1/7,
RequestMethod: GET,
Args:[1, 1, 7],
ReturnValue: Result(code=0, msg=获取成功, data=PageInfo{pageNum=1, pageSize=7, size=2, startRow=1, endRow=2, total=2, pages=1, list=Page{count=true, pageNum=1, pageSize=7, startRow=0, endRow=7, total=2, pages=1, reasonable=false, pageSizeZero=false}[Memo(id=79, userEmail=1103705469@qq.com, memoType=1, memoEmail=1103705469@qq.com, preTime=3, preDate=1617033600000, memoDate=1554134400000, memoContent=当天生日提醒, createTime=1585416240202, memoState=0), Memo(id=78, userEmail=1103705469@qq.com, memoType=1, memoEmail=1103705469@qq.com, preTime=0, preDate=null, memoDate=1553875200000, memoContent=当天生日提醒, createTime=1585416220707, memoState=0)], prePage=0, nextPage=0, isFirstPage=true, isLastPage=true, hasPreviousPage=false, hasNextPage=false, navigatePages=8, navigateFirstPage=1, navigateLastPage=1, navigatepageNums=[1]}),
Time: 109ms,

2020-04-11 00:37:23.889  INFO 31864 --- [http-nio-8002-exec-10] c.w.m.service.Impl.MemoServiceImpl       : Page{count=true, pageNum=1, pageSize=7, startRow=0, endRow=7, total=3, pages=1, reasonable=false, pageSizeZero=false}[Memo(id=84, userEmail=1103705469@qq.com, memoType=0, memoEmail=1103705469@qq.com, preTime=0, preDate=null, memoDate=1585462963000, memoContent=测试23, createTime=1585456089368, memoState=1), Memo(id=83, userEmail=1103705469@qq.com, memoType=0, memoEmail=1103705469@qq.com, preTime=0, preDate=null, memoDate=1585459363000, memoContent=测试2, createTime=1585456076556, memoState=1), Memo(id=82, userEmail=1103705469@qq.com, memoType=0, memoEmail=1103705469@qq.com, preTime=0, preDate=null, memoDate=1585455763000, memoContent=测试, createTime=1585455712473, memoState=1)]
2020-04-11 00:37:23.889  INFO 31864 --- [http-nio-8002-exec-10] cn.wzhihao.myspace.log.ControllerLog     : 执行方法：Result cn.wzhihao.myspace.controller.MemoController.getMemoListByType(int,int,int),
Email: 1103705469@qq.com,
URL: /api/memo/0/1/7,
RequestMethod: GET,
Args:[0, 1, 7],
ReturnValue: Result(code=0, msg=获取成功, data=PageInfo{pageNum=1, pageSize=7, size=3, startRow=1, endRow=3, total=3, pages=1, list=Page{count=true, pageNum=1, pageSize=7, startRow=0, endRow=7, total=3, pages=1, reasonable=false, pageSizeZero=false}[Memo(id=84, userEmail=1103705469@qq.com, memoType=0, memoEmail=1103705469@qq.com, preTime=0, preDate=null, memoDate=1585462963000, memoContent=测试23, createTime=1585456089368, memoState=1), Memo(id=83, userEmail=1103705469@qq.com, memoType=0, memoEmail=1103705469@qq.com, preTime=0, preDate=null, memoDate=1585459363000, memoContent=测试2, createTime=1585456076556, memoState=1), Memo(id=82, userEmail=1103705469@qq.com, memoType=0, memoEmail=1103705469@qq.com, preTime=0, preDate=null, memoDate=1585455763000, memoContent=测试, createTime=1585455712473, memoState=1)], prePage=0, nextPage=0, isFirstPage=true, isLastPage=true, hasPreviousPage=false, hasNextPage=false, navigatePages=8, navigateFirstPage=1, navigateLastPage=1, navigatepageNums=[1]}),
Time: 109ms,

2020-04-11 00:37:24.057  INFO 31864 --- [http-nio-8002-exec-4] c.w.m.service.Impl.MemoServiceImpl       : Page{count=true, pageNum=1, pageSize=7, startRow=0, endRow=7, total=2, pages=1, reasonable=false, pageSizeZero=false}[Memo(id=81, userEmail=1103705469@qq.com, memoType=2, memoEmail=1103705469@qq.com, preTime=7, preDate=1617033600000, memoDate=1554480000000, memoContent=提前七天纪念日提醒测试, createTime=1585416343894, memoState=0), Memo(id=80, userEmail=1103705469@qq.com, memoType=2, memoEmail=1103705469@qq.com, preTime=0, preDate=null, memoDate=1553875200000, memoContent=当天纪念日提醒测试, createTime=1585416315355, memoState=0)]
2020-04-11 00:37:24.058  INFO 31864 --- [http-nio-8002-exec-4] cn.wzhihao.myspace.log.ControllerLog     : 执行方法：Result cn.wzhihao.myspace.controller.MemoController.getMemoListByType(int,int,int),
Email: 1103705469@qq.com,
URL: /api/memo/2/1/7,
RequestMethod: GET,
Args:[2, 1, 7],
ReturnValue: Result(code=0, msg=获取成功, data=PageInfo{pageNum=1, pageSize=7, size=2, startRow=1, endRow=2, total=2, pages=1, list=Page{count=true, pageNum=1, pageSize=7, startRow=0, endRow=7, total=2, pages=1, reasonable=false, pageSizeZero=false}[Memo(id=81, userEmail=1103705469@qq.com, memoType=2, memoEmail=1103705469@qq.com, preTime=7, preDate=1617033600000, memoDate=1554480000000, memoContent=提前七天纪念日提醒测试, createTime=1585416343894, memoState=0), Memo(id=80, userEmail=1103705469@qq.com, memoType=2, memoEmail=1103705469@qq.com, preTime=0, preDate=null, memoDate=1553875200000, memoContent=当天纪念日提醒测试, createTime=1585416315355, memoState=0)], prePage=0, nextPage=0, isFirstPage=true, isLastPage=true, hasPreviousPage=false, hasNextPage=false, navigatePages=8, navigateFirstPage=1, navigateLastPage=1, navigatepageNums=[1]}),
Time: 110ms,

2020-04-11 00:39:11.252  INFO 31864 --- [http-nio-8002-exec-8] c.w.m.service.Impl.MemoServiceImpl       : Page{count=true, pageNum=1, pageSize=7, startRow=0, endRow=7, total=3, pages=1, reasonable=false, pageSizeZero=false}[Memo(id=84, userEmail=1103705469@qq.com, memoType=0, memoEmail=1103705469@qq.com, preTime=0, preDate=null, memoDate=1585462963000, memoContent=测试23, createTime=1585456089368, memoState=1), Memo(id=83, userEmail=1103705469@qq.com, memoType=0, memoEmail=1103705469@qq.com, preTime=0, preDate=null, memoDate=1585459363000, memoContent=测试2, createTime=1585456076556, memoState=1), Memo(id=82, userEmail=1103705469@qq.com, memoType=0, memoEmail=1103705469@qq.com, preTime=0, preDate=null, memoDate=1585455763000, memoContent=测试, createTime=1585455712473, memoState=1)]
2020-04-11 00:39:11.253  INFO 31864 --- [http-nio-8002-exec-8] cn.wzhihao.myspace.log.ControllerLog     : 执行方法：Result cn.wzhihao.myspace.controller.MemoController.getMemoListByType(int,int,int),
Email: 1103705469@qq.com,
URL: /api/memo/0/1/7,
RequestMethod: GET,
Args:[0, 1, 7],
ReturnValue: Result(code=0, msg=获取成功, data=PageInfo{pageNum=1, pageSize=7, size=3, startRow=1, endRow=3, total=3, pages=1, list=Page{count=true, pageNum=1, pageSize=7, startRow=0, endRow=7, total=3, pages=1, reasonable=false, pageSizeZero=false}[Memo(id=84, userEmail=1103705469@qq.com, memoType=0, memoEmail=1103705469@qq.com, preTime=0, preDate=null, memoDate=1585462963000, memoContent=测试23, createTime=1585456089368, memoState=1), Memo(id=83, userEmail=1103705469@qq.com, memoType=0, memoEmail=1103705469@qq.com, preTime=0, preDate=null, memoDate=1585459363000, memoContent=测试2, createTime=1585456076556, memoState=1), Memo(id=82, userEmail=1103705469@qq.com, memoType=0, memoEmail=1103705469@qq.com, preTime=0, preDate=null, memoDate=1585455763000, memoContent=测试, createTime=1585455712473, memoState=1)], prePage=0, nextPage=0, isFirstPage=true, isLastPage=true, hasPreviousPage=false, hasNextPage=false, navigatePages=8, navigateFirstPage=1, navigateLastPage=1, navigatepageNums=[1]}),
Time: 107ms,

2020-04-11 00:39:11.259  INFO 31864 --- [http-nio-8002-exec-6] c.w.m.service.Impl.MemoServiceImpl       : Page{count=true, pageNum=1, pageSize=7, startRow=0, endRow=7, total=2, pages=1, reasonable=false, pageSizeZero=false}[Memo(id=79, userEmail=1103705469@qq.com, memoType=1, memoEmail=1103705469@qq.com, preTime=3, preDate=1617033600000, memoDate=1554134400000, memoContent=当天生日提醒, createTime=1585416240202, memoState=0), Memo(id=78, userEmail=1103705469@qq.com, memoType=1, memoEmail=1103705469@qq.com, preTime=0, preDate=null, memoDate=1553875200000, memoContent=当天生日提醒, createTime=1585416220707, memoState=0)]
2020-04-11 00:39:11.260  INFO 31864 --- [http-nio-8002-exec-6] cn.wzhihao.myspace.log.ControllerLog     : 执行方法：Result cn.wzhihao.myspace.controller.MemoController.getMemoListByType(int,int,int),
Email: 1103705469@qq.com,
URL: /api/memo/1/1/7,
RequestMethod: GET,
Args:[1, 1, 7],
ReturnValue: Result(code=0, msg=获取成功, data=PageInfo{pageNum=1, pageSize=7, size=2, startRow=1, endRow=2, total=2, pages=1, list=Page{count=true, pageNum=1, pageSize=7, startRow=0, endRow=7, total=2, pages=1, reasonable=false, pageSizeZero=false}[Memo(id=79, userEmail=1103705469@qq.com, memoType=1, memoEmail=1103705469@qq.com, preTime=3, preDate=1617033600000, memoDate=1554134400000, memoContent=当天生日提醒, createTime=1585416240202, memoState=0), Memo(id=78, userEmail=1103705469@qq.com, memoType=1, memoEmail=1103705469@qq.com, preTime=0, preDate=null, memoDate=1553875200000, memoContent=当天生日提醒, createTime=1585416220707, memoState=0)], prePage=0, nextPage=0, isFirstPage=true, isLastPage=true, hasPreviousPage=false, hasNextPage=false, navigatePages=8, navigateFirstPage=1, navigateLastPage=1, navigatepageNums=[1]}),
Time: 111ms,

2020-04-11 00:39:11.438  INFO 31864 --- [http-nio-8002-exec-9] c.w.m.service.Impl.MemoServiceImpl       : Page{count=true, pageNum=1, pageSize=7, startRow=0, endRow=7, total=2, pages=1, reasonable=false, pageSizeZero=false}[Memo(id=81, userEmail=1103705469@qq.com, memoType=2, memoEmail=1103705469@qq.com, preTime=7, preDate=1617033600000, memoDate=1554480000000, memoContent=提前七天纪念日提醒测试, createTime=1585416343894, memoState=0), Memo(id=80, userEmail=1103705469@qq.com, memoType=2, memoEmail=1103705469@qq.com, preTime=0, preDate=null, memoDate=1553875200000, memoContent=当天纪念日提醒测试, createTime=1585416315355, memoState=0)]
2020-04-11 00:39:11.439  INFO 31864 --- [http-nio-8002-exec-9] cn.wzhihao.myspace.log.ControllerLog     : 执行方法：Result cn.wzhihao.myspace.controller.MemoController.getMemoListByType(int,int,int),
Email: 1103705469@qq.com,
URL: /api/memo/2/1/7,
RequestMethod: GET,
Args:[2, 1, 7],
ReturnValue: Result(code=0, msg=获取成功, data=PageInfo{pageNum=1, pageSize=7, size=2, startRow=1, endRow=2, total=2, pages=1, list=Page{count=true, pageNum=1, pageSize=7, startRow=0, endRow=7, total=2, pages=1, reasonable=false, pageSizeZero=false}[Memo(id=81, userEmail=1103705469@qq.com, memoType=2, memoEmail=1103705469@qq.com, preTime=7, preDate=1617033600000, memoDate=1554480000000, memoContent=提前七天纪念日提醒测试, createTime=1585416343894, memoState=0), Memo(id=80, userEmail=1103705469@qq.com, memoType=2, memoEmail=1103705469@qq.com, preTime=0, preDate=null, memoDate=1553875200000, memoContent=当天纪念日提醒测试, createTime=1585416315355, memoState=0)], prePage=0, nextPage=0, isFirstPage=true, isLastPage=true, hasPreviousPage=false, hasNextPage=false, navigatePages=8, navigateFirstPage=1, navigateLastPage=1, navigatepageNums=[1]}),
Time: 108ms,

2020-04-11 00:39:18.232  INFO 31864 --- [http-nio-8002-exec-1] c.w.m.service.Impl.MemoServiceImpl       : Page{count=true, pageNum=1, pageSize=7, startRow=0, endRow=7, total=2, pages=1, reasonable=false, pageSizeZero=false}[Memo(id=79, userEmail=1103705469@qq.com, memoType=1, memoEmail=1103705469@qq.com, preTime=3, preDate=1617033600000, memoDate=1554134400000, memoContent=当天生日提醒, createTime=1585416240202, memoState=0), Memo(id=78, userEmail=1103705469@qq.com, memoType=1, memoEmail=1103705469@qq.com, preTime=0, preDate=null, memoDate=1553875200000, memoContent=当天生日提醒, createTime=1585416220707, memoState=0)]
2020-04-11 00:39:18.232  INFO 31864 --- [http-nio-8002-exec-1] cn.wzhihao.myspace.log.ControllerLog     : 执行方法：Result cn.wzhihao.myspace.controller.MemoController.getMemoListByType(int,int,int),
Email: 1103705469@qq.com,
URL: /api/memo/1/1/7,
RequestMethod: GET,
Args:[1, 1, 7],
ReturnValue: Result(code=0, msg=获取成功, data=PageInfo{pageNum=1, pageSize=7, size=2, startRow=1, endRow=2, total=2, pages=1, list=Page{count=true, pageNum=1, pageSize=7, startRow=0, endRow=7, total=2, pages=1, reasonable=false, pageSizeZero=false}[Memo(id=79, userEmail=1103705469@qq.com, memoType=1, memoEmail=1103705469@qq.com, preTime=3, preDate=1617033600000, memoDate=1554134400000, memoContent=当天生日提醒, createTime=1585416240202, memoState=0), Memo(id=78, userEmail=1103705469@qq.com, memoType=1, memoEmail=1103705469@qq.com, preTime=0, preDate=null, memoDate=1553875200000, memoContent=当天生日提醒, createTime=1585416220707, memoState=0)], prePage=0, nextPage=0, isFirstPage=true, isLastPage=true, hasPreviousPage=false, hasNextPage=false, navigatePages=8, navigateFirstPage=1, navigateLastPage=1, navigatepageNums=[1]}),
Time: 108ms,

2020-04-11 00:39:18.239  INFO 31864 --- [http-nio-8002-exec-5] c.w.m.service.Impl.MemoServiceImpl       : Page{count=true, pageNum=1, pageSize=7, startRow=0, endRow=7, total=3, pages=1, reasonable=false, pageSizeZero=false}[Memo(id=84, userEmail=1103705469@qq.com, memoType=0, memoEmail=1103705469@qq.com, preTime=0, preDate=null, memoDate=1585462963000, memoContent=测试23, createTime=1585456089368, memoState=1), Memo(id=83, userEmail=1103705469@qq.com, memoType=0, memoEmail=1103705469@qq.com, preTime=0, preDate=null, memoDate=1585459363000, memoContent=测试2, createTime=1585456076556, memoState=1), Memo(id=82, userEmail=1103705469@qq.com, memoType=0, memoEmail=1103705469@qq.com, preTime=0, preDate=null, memoDate=1585455763000, memoContent=测试, createTime=1585455712473, memoState=1)]
2020-04-11 00:39:18.240  INFO 31864 --- [http-nio-8002-exec-5] cn.wzhihao.myspace.log.ControllerLog     : 执行方法：Result cn.wzhihao.myspace.controller.MemoController.getMemoListByType(int,int,int),
Email: 1103705469@qq.com,
URL: /api/memo/0/1/7,
RequestMethod: GET,
Args:[0, 1, 7],
ReturnValue: Result(code=0, msg=获取成功, data=PageInfo{pageNum=1, pageSize=7, size=3, startRow=1, endRow=3, total=3, pages=1, list=Page{count=true, pageNum=1, pageSize=7, startRow=0, endRow=7, total=3, pages=1, reasonable=false, pageSizeZero=false}[Memo(id=84, userEmail=1103705469@qq.com, memoType=0, memoEmail=1103705469@qq.com, preTime=0, preDate=null, memoDate=1585462963000, memoContent=测试23, createTime=1585456089368, memoState=1), Memo(id=83, userEmail=1103705469@qq.com, memoType=0, memoEmail=1103705469@qq.com, preTime=0, preDate=null, memoDate=1585459363000, memoContent=测试2, createTime=1585456076556, memoState=1), Memo(id=82, userEmail=1103705469@qq.com, memoType=0, memoEmail=1103705469@qq.com, preTime=0, preDate=null, memoDate=1585455763000, memoContent=测试, createTime=1585455712473, memoState=1)], prePage=0, nextPage=0, isFirstPage=true, isLastPage=true, hasPreviousPage=false, hasNextPage=false, navigatePages=8, navigateFirstPage=1, navigateLastPage=1, navigatepageNums=[1]}),
Time: 113ms,

2020-04-11 00:39:19.245  INFO 31864 --- [http-nio-8002-exec-2] c.w.m.service.Impl.MemoServiceImpl       : Page{count=true, pageNum=1, pageSize=7, startRow=0, endRow=7, total=2, pages=1, reasonable=false, pageSizeZero=false}[Memo(id=81, userEmail=1103705469@qq.com, memoType=2, memoEmail=1103705469@qq.com, preTime=7, preDate=1617033600000, memoDate=1554480000000, memoContent=提前七天纪念日提醒测试, createTime=1585416343894, memoState=0), Memo(id=80, userEmail=1103705469@qq.com, memoType=2, memoEmail=1103705469@qq.com, preTime=0, preDate=null, memoDate=1553875200000, memoContent=当天纪念日提醒测试, createTime=1585416315355, memoState=0)]
2020-04-11 00:39:19.245  INFO 31864 --- [http-nio-8002-exec-2] cn.wzhihao.myspace.log.ControllerLog     : 执行方法：Result cn.wzhihao.myspace.controller.MemoController.getMemoListByType(int,int,int),
Email: 1103705469@qq.com,
URL: /api/memo/2/1/7,
RequestMethod: GET,
Args:[2, 1, 7],
ReturnValue: Result(code=0, msg=获取成功, data=PageInfo{pageNum=1, pageSize=7, size=2, startRow=1, endRow=2, total=2, pages=1, list=Page{count=true, pageNum=1, pageSize=7, startRow=0, endRow=7, total=2, pages=1, reasonable=false, pageSizeZero=false}[Memo(id=81, userEmail=1103705469@qq.com, memoType=2, memoEmail=1103705469@qq.com, preTime=7, preDate=1617033600000, memoDate=1554480000000, memoContent=提前七天纪念日提醒测试, createTime=1585416343894, memoState=0), Memo(id=80, userEmail=1103705469@qq.com, memoType=2, memoEmail=1103705469@qq.com, preTime=0, preDate=null, memoDate=1553875200000, memoContent=当天纪念日提醒测试, createTime=1585416315355, memoState=0)], prePage=0, nextPage=0, isFirstPage=true, isLastPage=true, hasPreviousPage=false, hasNextPage=false, navigatePages=8, navigateFirstPage=1, navigateLastPage=1, navigatepageNums=[1]}),
Time: 110ms,

2020-04-11 00:40:26.011  INFO 31864 --- [http-nio-8002-exec-3] c.w.m.service.Impl.MemoServiceImpl       : Page{count=true, pageNum=1, pageSize=7, startRow=0, endRow=7, total=3, pages=1, reasonable=false, pageSizeZero=false}[Memo(id=84, userEmail=1103705469@qq.com, memoType=0, memoEmail=1103705469@qq.com, preTime=0, preDate=null, memoDate=1585462963000, memoContent=测试23, createTime=1585456089368, memoState=1), Memo(id=83, userEmail=1103705469@qq.com, memoType=0, memoEmail=1103705469@qq.com, preTime=0, preDate=null, memoDate=1585459363000, memoContent=测试2, createTime=1585456076556, memoState=1), Memo(id=82, userEmail=1103705469@qq.com, memoType=0, memoEmail=1103705469@qq.com, preTime=0, preDate=null, memoDate=1585455763000, memoContent=测试, createTime=1585455712473, memoState=1)]
2020-04-11 00:40:26.012  INFO 31864 --- [http-nio-8002-exec-3] cn.wzhihao.myspace.log.ControllerLog     : 执行方法：Result cn.wzhihao.myspace.controller.MemoController.getMemoListByType(int,int,int),
Email: 1103705469@qq.com,
URL: /api/memo/0/1/7,
RequestMethod: GET,
Args:[0, 1, 7],
ReturnValue: Result(code=0, msg=获取成功, data=PageInfo{pageNum=1, pageSize=7, size=3, startRow=1, endRow=3, total=3, pages=1, list=Page{count=true, pageNum=1, pageSize=7, startRow=0, endRow=7, total=3, pages=1, reasonable=false, pageSizeZero=false}[Memo(id=84, userEmail=1103705469@qq.com, memoType=0, memoEmail=1103705469@qq.com, preTime=0, preDate=null, memoDate=1585462963000, memoContent=测试23, createTime=1585456089368, memoState=1), Memo(id=83, userEmail=1103705469@qq.com, memoType=0, memoEmail=1103705469@qq.com, preTime=0, preDate=null, memoDate=1585459363000, memoContent=测试2, createTime=1585456076556, memoState=1), Memo(id=82, userEmail=1103705469@qq.com, memoType=0, memoEmail=1103705469@qq.com, preTime=0, preDate=null, memoDate=1585455763000, memoContent=测试, createTime=1585455712473, memoState=1)], prePage=0, nextPage=0, isFirstPage=true, isLastPage=true, hasPreviousPage=false, hasNextPage=false, navigatePages=8, navigateFirstPage=1, navigateLastPage=1, navigatepageNums=[1]}),
Time: 105ms,

2020-04-11 00:40:26.046  INFO 31864 --- [http-nio-8002-exec-7] c.w.m.service.Impl.MemoServiceImpl       : Page{count=true, pageNum=1, pageSize=7, startRow=0, endRow=7, total=2, pages=1, reasonable=false, pageSizeZero=false}[Memo(id=79, userEmail=1103705469@qq.com, memoType=1, memoEmail=1103705469@qq.com, preTime=3, preDate=1617033600000, memoDate=1554134400000, memoContent=当天生日提醒, createTime=1585416240202, memoState=0), Memo(id=78, userEmail=1103705469@qq.com, memoType=1, memoEmail=1103705469@qq.com, preTime=0, preDate=null, memoDate=1553875200000, memoContent=当天生日提醒, createTime=1585416220707, memoState=0)]
2020-04-11 00:40:26.046  INFO 31864 --- [http-nio-8002-exec-7] cn.wzhihao.myspace.log.ControllerLog     : 执行方法：Result cn.wzhihao.myspace.controller.MemoController.getMemoListByType(int,int,int),
Email: 1103705469@qq.com,
URL: /api/memo/1/1/7,
RequestMethod: GET,
Args:[1, 1, 7],
ReturnValue: Result(code=0, msg=获取成功, data=PageInfo{pageNum=1, pageSize=7, size=2, startRow=1, endRow=2, total=2, pages=1, list=Page{count=true, pageNum=1, pageSize=7, startRow=0, endRow=7, total=2, pages=1, reasonable=false, pageSizeZero=false}[Memo(id=79, userEmail=1103705469@qq.com, memoType=1, memoEmail=1103705469@qq.com, preTime=3, preDate=1617033600000, memoDate=1554134400000, memoContent=当天生日提醒, createTime=1585416240202, memoState=0), Memo(id=78, userEmail=1103705469@qq.com, memoType=1, memoEmail=1103705469@qq.com, preTime=0, preDate=null, memoDate=1553875200000, memoContent=当天生日提醒, createTime=1585416220707, memoState=0)], prePage=0, nextPage=0, isFirstPage=true, isLastPage=true, hasPreviousPage=false, hasNextPage=false, navigatePages=8, navigateFirstPage=1, navigateLastPage=1, navigatepageNums=[1]}),
Time: 111ms,

2020-04-11 00:40:26.181  INFO 31864 --- [http-nio-8002-exec-10] c.w.m.service.Impl.MemoServiceImpl       : Page{count=true, pageNum=1, pageSize=7, startRow=0, endRow=7, total=2, pages=1, reasonable=false, pageSizeZero=false}[Memo(id=81, userEmail=1103705469@qq.com, memoType=2, memoEmail=1103705469@qq.com, preTime=7, preDate=1617033600000, memoDate=1554480000000, memoContent=提前七天纪念日提醒测试, createTime=1585416343894, memoState=0), Memo(id=80, userEmail=1103705469@qq.com, memoType=2, memoEmail=1103705469@qq.com, preTime=0, preDate=null, memoDate=1553875200000, memoContent=当天纪念日提醒测试, createTime=1585416315355, memoState=0)]
2020-04-11 00:40:26.182  INFO 31864 --- [http-nio-8002-exec-10] cn.wzhihao.myspace.log.ControllerLog     : 执行方法：Result cn.wzhihao.myspace.controller.MemoController.getMemoListByType(int,int,int),
Email: 1103705469@qq.com,
URL: /api/memo/2/1/7,
RequestMethod: GET,
Args:[2, 1, 7],
ReturnValue: Result(code=0, msg=获取成功, data=PageInfo{pageNum=1, pageSize=7, size=2, startRow=1, endRow=2, total=2, pages=1, list=Page{count=true, pageNum=1, pageSize=7, startRow=0, endRow=7, total=2, pages=1, reasonable=false, pageSizeZero=false}[Memo(id=81, userEmail=1103705469@qq.com, memoType=2, memoEmail=1103705469@qq.com, preTime=7, preDate=1617033600000, memoDate=1554480000000, memoContent=提前七天纪念日提醒测试, createTime=1585416343894, memoState=0), Memo(id=80, userEmail=1103705469@qq.com, memoType=2, memoEmail=1103705469@qq.com, preTime=0, preDate=null, memoDate=1553875200000, memoContent=当天纪念日提醒测试, createTime=1585416315355, memoState=0)], prePage=0, nextPage=0, isFirstPage=true, isLastPage=true, hasPreviousPage=false, hasNextPage=false, navigatePages=8, navigateFirstPage=1, navigateLastPage=1, navigatepageNums=[1]}),
Time: 106ms,

2020-04-11 00:40:33.744  INFO 31864 --- [http-nio-8002-exec-4] c.w.m.service.Impl.MemoServiceImpl       : Page{count=true, pageNum=1, pageSize=7, startRow=0, endRow=7, total=3, pages=1, reasonable=false, pageSizeZero=false}[Memo(id=84, userEmail=1103705469@qq.com, memoType=0, memoEmail=1103705469@qq.com, preTime=0, preDate=null, memoDate=1585462963000, memoContent=测试23, createTime=1585456089368, memoState=1), Memo(id=83, userEmail=1103705469@qq.com, memoType=0, memoEmail=1103705469@qq.com, preTime=0, preDate=null, memoDate=1585459363000, memoContent=测试2, createTime=1585456076556, memoState=1), Memo(id=82, userEmail=1103705469@qq.com, memoType=0, memoEmail=1103705469@qq.com, preTime=0, preDate=null, memoDate=1585455763000, memoContent=测试, createTime=1585455712473, memoState=1)]
2020-04-11 00:40:33.744  INFO 31864 --- [http-nio-8002-exec-4] cn.wzhihao.myspace.log.ControllerLog     : 执行方法：Result cn.wzhihao.myspace.controller.MemoController.getMemoListByType(int,int,int),
Email: 1103705469@qq.com,
URL: /api/memo/0/1/7,
RequestMethod: GET,
Args:[0, 1, 7],
ReturnValue: Result(code=0, msg=获取成功, data=PageInfo{pageNum=1, pageSize=7, size=3, startRow=1, endRow=3, total=3, pages=1, list=Page{count=true, pageNum=1, pageSize=7, startRow=0, endRow=7, total=3, pages=1, reasonable=false, pageSizeZero=false}[Memo(id=84, userEmail=1103705469@qq.com, memoType=0, memoEmail=1103705469@qq.com, preTime=0, preDate=null, memoDate=1585462963000, memoContent=测试23, createTime=1585456089368, memoState=1), Memo(id=83, userEmail=1103705469@qq.com, memoType=0, memoEmail=1103705469@qq.com, preTime=0, preDate=null, memoDate=1585459363000, memoContent=测试2, createTime=1585456076556, memoState=1), Memo(id=82, userEmail=1103705469@qq.com, memoType=0, memoEmail=1103705469@qq.com, preTime=0, preDate=null, memoDate=1585455763000, memoContent=测试, createTime=1585455712473, memoState=1)], prePage=0, nextPage=0, isFirstPage=true, isLastPage=true, hasPreviousPage=false, hasNextPage=false, navigatePages=8, navigateFirstPage=1, navigateLastPage=1, navigatepageNums=[1]}),
Time: 106ms,

2020-04-11 00:40:33.751  INFO 31864 --- [http-nio-8002-exec-8] c.w.m.service.Impl.MemoServiceImpl       : Page{count=true, pageNum=1, pageSize=7, startRow=0, endRow=7, total=2, pages=1, reasonable=false, pageSizeZero=false}[Memo(id=79, userEmail=1103705469@qq.com, memoType=1, memoEmail=1103705469@qq.com, preTime=3, preDate=1617033600000, memoDate=1554134400000, memoContent=当天生日提醒, createTime=1585416240202, memoState=0), Memo(id=78, userEmail=1103705469@qq.com, memoType=1, memoEmail=1103705469@qq.com, preTime=0, preDate=null, memoDate=1553875200000, memoContent=当天生日提醒, createTime=1585416220707, memoState=0)]
2020-04-11 00:40:33.752  INFO 31864 --- [http-nio-8002-exec-8] cn.wzhihao.myspace.log.ControllerLog     : 执行方法：Result cn.wzhihao.myspace.controller.MemoController.getMemoListByType(int,int,int),
Email: 1103705469@qq.com,
URL: /api/memo/1/1/7,
RequestMethod: GET,
Args:[1, 1, 7],
ReturnValue: Result(code=0, msg=获取成功, data=PageInfo{pageNum=1, pageSize=7, size=2, startRow=1, endRow=2, total=2, pages=1, list=Page{count=true, pageNum=1, pageSize=7, startRow=0, endRow=7, total=2, pages=1, reasonable=false, pageSizeZero=false}[Memo(id=79, userEmail=1103705469@qq.com, memoType=1, memoEmail=1103705469@qq.com, preTime=3, preDate=1617033600000, memoDate=1554134400000, memoContent=当天生日提醒, createTime=1585416240202, memoState=0), Memo(id=78, userEmail=1103705469@qq.com, memoType=1, memoEmail=1103705469@qq.com, preTime=0, preDate=null, memoDate=1553875200000, memoContent=当天生日提醒, createTime=1585416220707, memoState=0)], prePage=0, nextPage=0, isFirstPage=true, isLastPage=true, hasPreviousPage=false, hasNextPage=false, navigatePages=8, navigateFirstPage=1, navigateLastPage=1, navigatepageNums=[1]}),
Time: 113ms,

2020-04-11 00:40:33.802  INFO 31864 --- [http-nio-8002-exec-6] c.w.m.service.Impl.MemoServiceImpl       : Page{count=true, pageNum=1, pageSize=7, startRow=0, endRow=7, total=2, pages=1, reasonable=false, pageSizeZero=false}[Memo(id=81, userEmail=1103705469@qq.com, memoType=2, memoEmail=1103705469@qq.com, preTime=7, preDate=1617033600000, memoDate=1554480000000, memoContent=提前七天纪念日提醒测试, createTime=1585416343894, memoState=0), Memo(id=80, userEmail=1103705469@qq.com, memoType=2, memoEmail=1103705469@qq.com, preTime=0, preDate=null, memoDate=1553875200000, memoContent=当天纪念日提醒测试, createTime=1585416315355, memoState=0)]
2020-04-11 00:40:33.803  INFO 31864 --- [http-nio-8002-exec-6] cn.wzhihao.myspace.log.ControllerLog     : 执行方法：Result cn.wzhihao.myspace.controller.MemoController.getMemoListByType(int,int,int),
Email: 1103705469@qq.com,
URL: /api/memo/2/1/7,
RequestMethod: GET,
Args:[2, 1, 7],
ReturnValue: Result(code=0, msg=获取成功, data=PageInfo{pageNum=1, pageSize=7, size=2, startRow=1, endRow=2, total=2, pages=1, list=Page{count=true, pageNum=1, pageSize=7, startRow=0, endRow=7, total=2, pages=1, reasonable=false, pageSizeZero=false}[Memo(id=81, userEmail=1103705469@qq.com, memoType=2, memoEmail=1103705469@qq.com, preTime=7, preDate=1617033600000, memoDate=1554480000000, memoContent=提前七天纪念日提醒测试, createTime=1585416343894, memoState=0), Memo(id=80, userEmail=1103705469@qq.com, memoType=2, memoEmail=1103705469@qq.com, preTime=0, preDate=null, memoDate=1553875200000, memoContent=当天纪念日提醒测试, createTime=1585416315355, memoState=0)], prePage=0, nextPage=0, isFirstPage=true, isLastPage=true, hasPreviousPage=false, hasNextPage=false, navigatePages=8, navigateFirstPage=1, navigateLastPage=1, navigatepageNums=[1]}),
Time: 105ms,

2020-04-11 00:40:42.511  INFO 31864 --- [http-nio-8002-exec-9] cn.wzhihao.myspace.log.ControllerLog     : 执行方法：Result cn.wzhihao.myspace.controller.ProjectController.getProjectList(int,int,int),
Email: 1103705469@qq.com,
URL: /api/project/0/1/4,
RequestMethod: GET,
Args:[0, 1, 4],
ReturnValue: Result(code=0, msg=成功获取项目列表, data=PageInfo{pageNum=1, pageSize=4, size=4, startRow=1, endRow=4, total=4, pages=1, list=Page{count=true, pageNum=1, pageSize=4, startRow=0, endRow=4, total=4, pages=1, reasonable=false, pageSizeZero=false}[Project(id=75, userEmail=1103705469@qq.com, projectBody=测试33, projectDesc=, projectState=0, createTime=1586535546735, updateTime=1586535704903), Project(id=74, userEmail=1103705469@qq.com, projectBody=测试项目23, projectDesc=, projectState=0, createTime=1586533273382, updateTime=1586535461548), Project(id=70, userEmail=1103705469@qq.com, projectBody=测试项目, projectDesc=功能几乎已全部实现, projectState=0, createTime=1585416047320, updateTime=1586337355146), Project(id=69, userEmail=1103705469@qq.com, projectBody=测试项目, projectDesc=开发测试, projectState=0, createTime=1585415726868, updateTime=1585415962982)], prePage=0, nextPage=0, isFirstPage=true, isLastPage=true, hasPreviousPage=false, hasNextPage=false, navigatePages=8, navigateFirstPage=1, navigateLastPage=1, navigatepageNums=[1]}),
Time: 103ms,

2020-04-11 00:40:42.521  INFO 31864 --- [http-nio-8002-exec-1] cn.wzhihao.myspace.log.ControllerLog     : 执行方法：Result cn.wzhihao.myspace.controller.ProjectController.getProjectList(int,int,int),
Email: 1103705469@qq.com,
URL: /api/project/1/1/4,
RequestMethod: GET,
Args:[1, 1, 4],
ReturnValue: Result(code=0, msg=成功获取项目列表, data=PageInfo{pageNum=1, pageSize=4, size=1, startRow=1, endRow=1, total=1, pages=1, list=Page{count=true, pageNum=1, pageSize=4, startRow=0, endRow=4, total=1, pages=1, reasonable=false, pageSizeZero=false}[Project(id=71, userEmail=1103705469@qq.com, projectBody=结束项目测试, projectDesc=结束项目测试, projectState=1, createTime=1585416063692, updateTime=1585416088799)], prePage=0, nextPage=0, isFirstPage=true, isLastPage=true, hasPreviousPage=false, hasNextPage=false, navigatePages=8, navigateFirstPage=1, navigateLastPage=1, navigatepageNums=[1]}),
Time: 107ms,

2020-04-11 00:40:45.909  INFO 31864 --- [http-nio-8002-exec-5] cn.wzhihao.myspace.log.ControllerLog     : 执行方法：Result cn.wzhihao.myspace.controller.DiaryController.getArchive(),
Email: 1103705469@qq.com,
URL: /api/diary/archive,
RequestMethod: GET,
Args:[],
ReturnValue: Result(code=0, msg=查询归档数据成功, data=[{months=2020年03月, count=9}]),
Time: 213ms,

2020-04-11 00:40:45.962  INFO 31864 --- [http-nio-8002-exec-2] cn.wzhihao.myspace.log.ControllerLog     : 执行方法：Result cn.wzhihao.myspace.controller.DiaryController.getDiaryList(int,int),
Email: 1103705469@qq.com,
URL: /api/diary/list/1/5,
RequestMethod: GET,
Args:[1, 5],
ReturnValue: Result(code=0, msg=获取分页列表成功, data=PageInfo{pageNum=1, pageSize=5, size=5, startRow=1, endRow=5, total=9, pages=2, list=Page{count=true, pageNum=1, pageSize=5, startRow=0, endRow=5, total=9, pages=2, reasonable=false, pageSizeZero=false}[Diary(id=27, userEmail=1103705469@qq.com, diaryTitle=声明, diaryBody=### 本站尚处于开发阶段

#### 待开发功能（尚未全部完成）

- ~~备忘录的定时发送~~
- 项目管理的界面优化，~~列和卡片的增删~~
- 输入框的, createTime=1585192210752, updateTime=1585417925093), Diary(id=26, userEmail=1103705469@qq.com, diaryTitle=线上测试, diaryBody=### 3月25的一天, createTime=1585149105353, updateTime=1585149105353), Diary(id=21, userEmail=1103705469@qq.com, diaryTitle=tets8, diaryBody=- 的骄傲就是大家
- 大家看jk
-  dkaskdasjd
- 时间大家开始讲课的
- 爱神的箭阿三看见艰苦
- 打卡数据对接
- ![QQ图片202002, createTime=1584685875988, updateTime=1586168142893), Diary(id=19, userEmail=1103705469@qq.com, diaryTitle=test6, diaryBody=我放下妈妈的包，包里有书和其他不那么能让我记得的劳什物，书屋在商业街的尽头，屋子里的味道很好闻，我坐在妈妈的对面，又忘了书屋外的一切。

　　妈妈在书里，我轻轻, createTime=1584684915141, updateTime=1584684915141), Diary(id=18, userEmail=1103705469@qq.com, diaryTitle=test5, diaryBody=我放下妈妈的包，包里有书和其他不那么能让我记得的劳什物，书屋在商业街的尽头，屋子里的味道很好闻，我坐在妈妈的对面，又忘了书屋外的一切。

　　妈妈在书里，我轻轻, createTime=1584684903903, updateTime=1584684903903)], prePage=0, nextPage=2, isFirstPage=true, isLastPage=false, hasPreviousPage=false, hasNextPage=true, navigatePages=8, navigateFirstPage=1, navigateLastPage=2, navigatepageNums=[1, 2]}),
Time: 254ms,

2020-04-11 00:40:50.781  INFO 31864 --- [http-nio-8002-exec-3] cn.wzhihao.myspace.log.ControllerLog     : 执行方法：Result cn.wzhihao.myspace.controller.DiaryController.getDiaryById(int),
Email: 1103705469@qq.com,
URL: /api/diary/19,
RequestMethod: GET,
Args:[19],
ReturnValue: Result(code=0, msg=获取日记成功, data=Diary(id=19, userEmail=1103705469@qq.com, diaryTitle=test6, diaryBody=我放下妈妈的包，包里有书和其他不那么能让我记得的劳什物，书屋在商业街的尽头，屋子里的味道很好闻，我坐在妈妈的对面，又忘了书屋外的一切。

　　妈妈在书里，我轻轻喊了她，她没有搭理，我就这样看着她，看她对着一本书傻笑着。

　　妈妈每天都只能抽出下班后的一点时间来书屋，书里有她的另一个女儿，她爱着她。

　　我每天离开学校，在学校对着书发呆，在书屋对着妈妈发呆。

　　妈妈一直没和我说话，我也一直没和她说：“我爱着她”

, createTime=1584684915141, updateTime=1584684915141)),
Time: 203ms,

